(4095, 6)
[[ 1.  1.  1.  1.  1.  2.]
 [ 1.  1.  1.  1.  1.  3.]
 [ 1.  1.  1.  1.  1.  4.]
 ..., 
 [ 4.  4.  4.  4.  4.  2.]
 [ 4.  4.  4.  4.  4.  3.]
 [ 4.  4.  4.  4.  4.  4.]]
( search )
dir_name: res
num_multi_probe:  10
multi_probe_num_sampling:  50
score: TS
max_search: 100
num_rand_search:  20
alpha:  1.0


( predict )
is_rand_expans:  True
num_basis:  5000


( learning )
method :  adam
is_hyparams_learning:  True
is_disp:  False
num_init_params_search:  20
interval:  20
max_epoch:  2000
max_epoch_init_params_search:  20
batch_size:  64
eval_size:  5000
alpha =  0.001
beta =  0.9
gamma =  0.999
epsilon =  1e-06


Call simulator
Hello!
Start the random search .....

1061
Temp
[ 2.  1.  1.  3.  2.  3.]
[119550837.0]
[ 2.  1.  1.  3.  2.  3.]
001-th step: f(x) = 119550837.000000, max_f(x) = 119550837.000000 

235
Temp
[ 1.  1.  4.  3.  4.  1.]
[45783852.0]
[ 1.  1.  4.  3.  4.  1.]
002-th step: f(x) = 45783852.000000, max_f(x) = 119550837.000000 

3982
Temp
[ 4.  4.  3.  1.  4.  4.]
[43299759.0]
[ 4.  4.  3.  1.  4.  4.]
003-th step: f(x) = 43299759.000000, max_f(x) = 119550837.000000 

1098
Temp
[ 2.  1.  2.  1.  3.  4.]
[54135223.0]
[ 2.  1.  2.  1.  3.  4.]
004-th step: f(x) = 54135223.000000, max_f(x) = 119550837.000000 

3842
Temp
[ 4.  4.  1.  1.  1.  4.]
[1138230.0]
[ 4.  4.  1.  1.  1.  4.]
005-th step: f(x) = 1138230.000000, max_f(x) = 119550837.000000 

906
Temp
[ 1.  4.  3.  1.  3.  4.]
[1216787.0]
[ 1.  4.  3.  1.  3.  4.]
006-th step: f(x) = 1216787.000000, max_f(x) = 119550837.000000 

2767
Temp
[ 3.  3.  4.  2.  1.  1.]
[45106995.0]
[ 3.  3.  4.  2.  1.  1.]
007-th step: f(x) = 45106995.000000, max_f(x) = 119550837.000000 

3722
Temp
[ 4.  3.  3.  1.  3.  4.]
[106540259.0]
[ 4.  3.  3.  1.  3.  4.]
008-th step: f(x) = 106540259.000000, max_f(x) = 119550837.000000 

2900
Temp
[ 3.  4.  2.  2.  2.  2.]
[124544605.0]
[ 3.  4.  2.  2.  2.  2.]
009-th step: f(x) = 124544605.000000, max_f(x) = 124544605.000000 

962
Temp
[ 1.  4.  4.  1.  1.  4.]
[96438851.0]
[ 1.  4.  4.  1.  1.  4.]
010-th step: f(x) = 96438851.000000, max_f(x) = 124544605.000000 

144
Temp
[ 1.  1.  3.  2.  1.  2.]
[5626187.0]
[ 1.  1.  3.  2.  1.  2.]
011-th step: f(x) = 5626187.000000, max_f(x) = 124544605.000000 

129
Temp
[ 1.  1.  3.  1.  1.  3.]
[5308816.0]
[ 1.  1.  3.  1.  1.  3.]
012-th step: f(x) = 5308816.000000, max_f(x) = 124544605.000000 

4056
Temp
[ 4.  4.  4.  2.  3.  2.]
[90691742.0]
[ 4.  4.  4.  2.  3.  2.]
013-th step: f(x) = 90691742.000000, max_f(x) = 124544605.000000 

3664
Temp
[ 4.  3.  2.  2.  1.  2.]
[4944444.0]
[ 4.  3.  2.  2.  1.  2.]
014-th step: f(x) = 4944444.000000, max_f(x) = 124544605.000000 

2805
Temp
[ 3.  3.  4.  4.  2.  3.]
[49119418.0]
[ 3.  3.  4.  4.  2.  3.]
015-th step: f(x) = 49119418.000000, max_f(x) = 124544605.000000 

2563
Temp
[ 3.  3.  1.  1.  2.  1.]
[47210216.0]
[ 3.  3.  1.  1.  2.  1.]
016-th step: f(x) = 47210216.000000, max_f(x) = 124544605.000000 

3473
Temp
[ 4.  2.  3.  2.  1.  3.]
[122587139.0]
[ 4.  2.  3.  2.  1.  3.]
017-th step: f(x) = 122587139.000000, max_f(x) = 124544605.000000 

3364
Temp
[ 4.  2.  1.  3.  2.  2.]
[1029302.0]
[ 4.  2.  1.  3.  2.  2.]
018-th step: f(x) = 1029302.000000, max_f(x) = 124544605.000000 

1209
Temp
[ 2.  1.  3.  4.  3.  3.]
[40937871.0]
[ 2.  1.  3.  4.  3.  3.]
019-th step: f(x) = 40937871.000000, max_f(x) = 124544605.000000 

1308
Temp
[ 2.  2.  1.  2.  4.  2.]
[41115609.0]
[ 2.  2.  1.  2.  4.  2.]
020-th step: f(x) = 41115609.000000, max_f(x) = 124544605.000000 

Done.
 
Start the bayes search ....

Start the initial hyper parameter searching ...
Done

Start the hyper parameter learning ...
Done

3733
Temp
[ 4.  3.  3.  2.  2.  3.]
[121114741.0]
[ 4.  3.  3.  2.  2.  3.]
021-th step: f(x) = 121114741.000000, max_f(x) = 124544605.000000 

3797
Temp
[ 4.  3.  4.  2.  2.  3.]
[29056852.0]
[ 4.  3.  4.  2.  2.  3.]
022-th step: f(x) = 29056852.000000, max_f(x) = 124544605.000000 

2709
Temp
[ 3.  3.  3.  2.  2.  3.]
[35299159.0]
[ 3.  3.  3.  2.  2.  3.]
023-th step: f(x) = 35299159.000000, max_f(x) = 124544605.000000 

3992
Temp
[ 4.  4.  3.  2.  3.  2.]
[34838569.0]
[ 4.  4.  3.  2.  3.  2.]
024-th step: f(x) = 34838569.000000, max_f(x) = 124544605.000000 

3478
Temp
[ 4.  2.  3.  2.  2.  4.]
[7363257.0]
[ 4.  2.  3.  2.  2.  4.]
025-th step: f(x) = 7363257.000000, max_f(x) = 124544605.000000 

1062
Temp
[ 2.  1.  1.  3.  2.  4.]
[147793077.0]
[ 2.  1.  1.  3.  2.  4.]
026-th step: f(x) = 147793077.000000, max_f(x) = 147793077.000000 

38
Temp
[ 1.  1.  1.  3.  2.  4.]
[104846876.0]
[ 1.  1.  1.  3.  2.  4.]
027-th step: f(x) = 104846876.000000, max_f(x) = 147793077.000000 

1058
Temp
[ 2.  1.  1.  3.  1.  4.]
[49342488.0]
[ 2.  1.  1.  3.  1.  4.]
028-th step: f(x) = 49342488.000000, max_f(x) = 147793077.000000 

1066
Temp
[ 2.  1.  1.  3.  3.  4.]
[77026459.0]
[ 2.  1.  1.  3.  3.  4.]
029-th step: f(x) = 77026459.000000, max_f(x) = 147793077.000000 

37
Temp
[ 1.  1.  1.  3.  2.  3.]
[34563.0]
[ 1.  1.  1.  3.  2.  3.]
030-th step: f(x) = 34563.000000, max_f(x) = 147793077.000000 

1078
Temp
[ 2.  1.  1.  4.  2.  4.]
[133231945.0]
[ 2.  1.  1.  4.  2.  4.]
031-th step: f(x) = 133231945.000000, max_f(x) = 147793077.000000 

1082
Temp
[ 2.  1.  1.  4.  3.  4.]
[56070474.0]
[ 2.  1.  1.  4.  3.  4.]
032-th step: f(x) = 56070474.000000, max_f(x) = 147793077.000000 

2086
Temp
[ 3.  1.  1.  3.  2.  4.]
[124170783.0]
[ 3.  1.  1.  3.  2.  4.]
033-th step: f(x) = 124170783.000000, max_f(x) = 147793077.000000 

2102
Temp
[ 3.  1.  1.  4.  2.  4.]
[1084850.0]
[ 3.  1.  1.  4.  2.  4.]
034-th step: f(x) = 1084850.000000, max_f(x) = 147793077.000000 

1046
Temp
[ 2.  1.  1.  2.  2.  4.]
[112244428.0]
[ 2.  1.  1.  2.  2.  4.]
035-th step: f(x) = 112244428.000000, max_f(x) = 147793077.000000 

2070
Temp
[ 3.  1.  1.  2.  2.  4.]
[144672424.0]
[ 3.  1.  1.  2.  2.  4.]
036-th step: f(x) = 144672424.000000, max_f(x) = 147793077.000000 

2074
Temp
[ 3.  1.  1.  2.  3.  4.]
[33166694.0]
[ 3.  1.  1.  2.  3.  4.]
037-th step: f(x) = 33166694.000000, max_f(x) = 147793077.000000 

1318
Temp
[ 2.  2.  1.  3.  2.  4.]
[96046242.0]
[ 2.  2.  1.  3.  2.  4.]
038-th step: f(x) = 96046242.000000, max_f(x) = 147793077.000000 

2066
Temp
[ 3.  1.  1.  2.  1.  4.]
[139337732.0]
[ 3.  1.  1.  2.  1.  4.]
039-th step: f(x) = 139337732.000000, max_f(x) = 147793077.000000 

1042
Temp
[ 2.  1.  1.  2.  1.  4.]
[35238558.0]
[ 2.  1.  1.  2.  1.  4.]
040-th step: f(x) = 35238558.000000, max_f(x) = 147793077.000000 

2326
Temp
[ 3.  2.  1.  2.  2.  4.]
[102541495.0]
[ 3.  2.  1.  2.  2.  4.]
041-th step: f(x) = 102541495.000000, max_f(x) = 147793077.000000 

Start the initial hyper parameter searching ...
Done

Start the hyper parameter learning ...
Done

2082
Temp
[ 3.  1.  1.  3.  1.  4.]
[111384263.0]
[ 3.  1.  1.  3.  1.  4.]
042-th step: f(x) = 111384263.000000, max_f(x) = 147793077.000000 

3090
Temp
[ 4.  1.  1.  2.  1.  4.]
[29630811.0]
[ 4.  1.  1.  2.  1.  4.]
043-th step: f(x) = 29630811.000000, max_f(x) = 147793077.000000 

1302
Temp
[ 2.  2.  1.  2.  2.  4.]
[892038.0]
[ 2.  2.  1.  2.  2.  4.]
044-th step: f(x) = 892038.000000, max_f(x) = 147793077.000000 

1074
Temp
[ 2.  1.  1.  4.  1.  4.]
[5059586.0]
[ 2.  1.  1.  4.  1.  4.]
045-th step: f(x) = 5059586.000000, max_f(x) = 147793077.000000 

2134
Temp
[ 3.  1.  2.  2.  2.  4.]
[42572958.0]
[ 3.  1.  2.  2.  2.  4.]
046-th step: f(x) = 42572958.000000, max_f(x) = 147793077.000000 

2090
Temp
[ 3.  1.  1.  3.  3.  4.]
[109590147.0]
[ 3.  1.  1.  3.  3.  4.]
047-th step: f(x) = 109590147.000000, max_f(x) = 147793077.000000 

3094
Temp
[ 4.  1.  1.  2.  2.  4.]
[5428527.0]
[ 4.  1.  1.  2.  2.  4.]
048-th step: f(x) = 5428527.000000, max_f(x) = 147793077.000000 

1050
Temp
[ 2.  1.  1.  2.  3.  4.]
[84846030.0]
[ 2.  1.  1.  2.  3.  4.]
049-th step: f(x) = 84846030.000000, max_f(x) = 147793077.000000 

1322
Temp
[ 2.  2.  1.  3.  3.  4.]
[882017.0]
[ 2.  2.  1.  3.  3.  4.]
050-th step: f(x) = 882017.000000, max_f(x) = 147793077.000000 

2150
Temp
[ 3.  1.  2.  3.  2.  4.]
[131323189.0]
[ 3.  1.  2.  3.  2.  4.]
051-th step: f(x) = 131323189.000000, max_f(x) = 147793077.000000 

2146
Temp
[ 3.  1.  2.  3.  1.  4.]
[114090604.0]
[ 3.  1.  2.  3.  1.  4.]
052-th step: f(x) = 114090604.000000, max_f(x) = 147793077.000000 

1126
Temp
[ 2.  1.  2.  3.  2.  4.]
[24851586.0]
[ 2.  1.  2.  3.  2.  4.]
053-th step: f(x) = 24851586.000000, max_f(x) = 147793077.000000 

2130
Temp
[ 3.  1.  2.  2.  1.  4.]
[64029161.0]
[ 3.  1.  2.  2.  1.  4.]
054-th step: f(x) = 64029161.000000, max_f(x) = 147793077.000000 

2098
Temp
[ 3.  1.  1.  4.  1.  4.]
[114276619.0]
[ 3.  1.  1.  4.  1.  4.]
055-th step: f(x) = 114276619.000000, max_f(x) = 147793077.000000 

2162
Temp
[ 3.  1.  2.  4.  1.  4.]
[54256855.0]
[ 3.  1.  2.  4.  1.  4.]
056-th step: f(x) = 54256855.000000, max_f(x) = 147793077.000000 

3106
Temp
[ 4.  1.  1.  3.  1.  4.]
[134936732.0]
[ 4.  1.  1.  3.  1.  4.]
057-th step: f(x) = 134936732.000000, max_f(x) = 147793077.000000 

3170
Temp
[ 4.  1.  2.  3.  1.  4.]
[161521971.0]
[ 4.  1.  2.  3.  1.  4.]
058-th step: f(x) = 161521971.000000, max_f(x) = 161521971.000000 

3186
Temp
[ 4.  1.  2.  4.  1.  4.]
[149483832.0]
[ 4.  1.  2.  4.  1.  4.]
059-th step: f(x) = 149483832.000000, max_f(x) = 161521971.000000 

3122
Temp
[ 4.  1.  1.  4.  1.  4.]
[45650634.0]
[ 4.  1.  1.  4.  1.  4.]
060-th step: f(x) = 45650634.000000, max_f(x) = 161521971.000000 

3234
Temp
[ 4.  1.  3.  3.  1.  4.]
[114017131.0]
[ 4.  1.  3.  3.  1.  4.]
061-th step: f(x) = 114017131.000000, max_f(x) = 161521971.000000 

Start the initial hyper parameter searching ...
Done

Start the hyper parameter learning ...
Done

3250
Temp
[ 4.  1.  3.  4.  1.  4.]
[117964083.0]
[ 4.  1.  3.  4.  1.  4.]
062-th step: f(x) = 117964083.000000, max_f(x) = 161521971.000000 

3174
Temp
[ 4.  1.  2.  3.  2.  4.]
[51305619.0]
[ 4.  1.  2.  3.  2.  4.]
063-th step: f(x) = 51305619.000000, max_f(x) = 161521971.000000 

3314
Temp
[ 4.  1.  4.  4.  1.  4.]
[37706118.0]
[ 4.  1.  4.  4.  1.  4.]
064-th step: f(x) = 37706118.000000, max_f(x) = 161521971.000000 

3154
Temp
[ 4.  1.  2.  2.  1.  4.]
[125281859.0]
[ 4.  1.  2.  2.  1.  4.]
065-th step: f(x) = 125281859.000000, max_f(x) = 161521971.000000 

3218
Temp
[ 4.  1.  3.  2.  1.  4.]
[6397513.0]
[ 4.  1.  3.  2.  1.  4.]
066-th step: f(x) = 6397513.000000, max_f(x) = 161521971.000000 

3442
Temp
[ 4.  2.  2.  4.  1.  4.]
[118722831.0]
[ 4.  2.  2.  4.  1.  4.]
067-th step: f(x) = 118722831.000000, max_f(x) = 161521971.000000 

3426
Temp
[ 4.  2.  2.  3.  1.  4.]
[120001526.0]
[ 4.  2.  2.  3.  1.  4.]
068-th step: f(x) = 120001526.000000, max_f(x) = 161521971.000000 

3378
Temp
[ 4.  2.  1.  4.  1.  4.]
[22487752.0]
[ 4.  2.  1.  4.  1.  4.]
069-th step: f(x) = 22487752.000000, max_f(x) = 161521971.000000 

3169
Temp
[ 4.  1.  2.  3.  1.  3.]
[1486564.0]
[ 4.  1.  2.  3.  1.  3.]
070-th step: f(x) = 1486564.000000, max_f(x) = 161521971.000000 

3506
Temp
[ 4.  2.  3.  4.  1.  4.]
[6182595.0]
[ 4.  2.  3.  4.  1.  4.]
071-th step: f(x) = 6182595.000000, max_f(x) = 161521971.000000 

3110
Temp
[ 4.  1.  1.  3.  2.  4.]
[44704205.0]
[ 4.  1.  1.  3.  2.  4.]
072-th step: f(x) = 44704205.000000, max_f(x) = 161521971.000000 

2402
Temp
[ 3.  2.  2.  3.  1.  4.]
[111202874.0]
[ 3.  2.  2.  3.  1.  4.]
073-th step: f(x) = 111202874.000000, max_f(x) = 161521971.000000 

2338
Temp
[ 3.  2.  1.  3.  1.  4.]
[731038.0]
[ 3.  2.  1.  3.  1.  4.]
074-th step: f(x) = 731038.000000, max_f(x) = 161521971.000000 

2166
Temp
[ 3.  1.  2.  4.  2.  4.]
[109451261.0]
[ 3.  1.  2.  4.  2.  4.]
075-th step: f(x) = 109451261.000000, max_f(x) = 161521971.000000 

3190
Temp
[ 4.  1.  2.  4.  2.  4.]
[125612674.0]
[ 4.  1.  2.  4.  2.  4.]
076-th step: f(x) = 125612674.000000, max_f(x) = 161521971.000000 

3254
Temp
[ 4.  1.  3.  4.  2.  4.]
[119505707.0]
[ 4.  1.  3.  4.  2.  4.]
077-th step: f(x) = 119505707.000000, max_f(x) = 161521971.000000 

3238
Temp
[ 4.  1.  3.  3.  2.  4.]
[4558626.0]
[ 4.  1.  3.  3.  2.  4.]
078-th step: f(x) = 4558626.000000, max_f(x) = 161521971.000000 

3126
Temp
[ 4.  1.  1.  4.  2.  4.]
[1023675.0]
[ 4.  1.  1.  4.  2.  4.]
079-th step: f(x) = 1023675.000000, max_f(x) = 161521971.000000 

2226
Temp
[ 3.  1.  3.  4.  1.  4.]
[147111566.0]
[ 3.  1.  3.  4.  1.  4.]
080-th step: f(x) = 147111566.000000, max_f(x) = 161521971.000000 

2210
Temp
[ 3.  1.  3.  3.  1.  4.]
[4884033.0]
[ 3.  1.  3.  3.  1.  4.]
081-th step: f(x) = 4884033.000000, max_f(x) = 161521971.000000 

Start the initial hyper parameter searching ...
Done

Start the hyper parameter learning ...
Done

1138
Temp
[ 2.  1.  2.  4.  1.  4.]
[106677544.0]
[ 2.  1.  2.  4.  1.  4.]
082-th step: f(x) = 106677544.000000, max_f(x) = 161521971.000000 

1142
Temp
[ 2.  1.  2.  4.  2.  4.]
[5311355.0]
[ 2.  1.  2.  4.  2.  4.]
083-th step: f(x) = 5311355.000000, max_f(x) = 161521971.000000 

2418
Temp
[ 3.  2.  2.  4.  1.  4.]
[38280185.0]
[ 3.  2.  2.  4.  1.  4.]
084-th step: f(x) = 38280185.000000, max_f(x) = 161521971.000000 

1122
Temp
[ 2.  1.  2.  3.  1.  4.]
[87703876.0]
[ 2.  1.  2.  3.  1.  4.]
085-th step: f(x) = 87703876.000000, max_f(x) = 161521971.000000 

3490
Temp
[ 4.  2.  3.  3.  1.  4.]
[167977516.0]
[ 4.  2.  3.  3.  1.  4.]
086-th step: f(x) = 167977516.000000, max_f(x) = 167977516.000000 

3746
Temp
[ 4.  3.  3.  3.  1.  4.]
[149244777.0]
[ 4.  3.  3.  3.  1.  4.]
087-th step: f(x) = 149244777.000000, max_f(x) = 167977516.000000 

3762
Temp
[ 4.  3.  3.  4.  1.  4.]
[34161103.0]
[ 4.  3.  3.  4.  1.  4.]
088-th step: f(x) = 34161103.000000, max_f(x) = 167977516.000000 

3474
Temp
[ 4.  2.  3.  2.  1.  4.]
[33674131.0]
[ 4.  2.  3.  2.  1.  4.]
089-th step: f(x) = 33674131.000000, max_f(x) = 167977516.000000 

2466
Temp
[ 3.  2.  3.  3.  1.  4.]
[122672072.0]
[ 3.  2.  3.  3.  1.  4.]
090-th step: f(x) = 122672072.000000, max_f(x) = 167977516.000000 

2482
Temp
[ 3.  2.  3.  4.  1.  4.]
[7236754.0]
[ 3.  2.  3.  4.  1.  4.]
091-th step: f(x) = 7236754.000000, max_f(x) = 167977516.000000 

3730
Temp
[ 4.  3.  3.  2.  1.  4.]
[62693562.0]
[ 4.  3.  3.  2.  1.  4.]
092-th step: f(x) = 62693562.000000, max_f(x) = 167977516.000000 

4050
Temp
[ 4.  4.  4.  2.  1.  4.]
[5185473.0]
[ 4.  4.  4.  2.  1.  4.]
093-th step: f(x) = 5185473.000000, max_f(x) = 167977516.000000 

3410
Temp
[ 4.  2.  2.  2.  1.  4.]
[2282119.0]
[ 4.  2.  2.  2.  1.  4.]
094-th step: f(x) = 2282119.000000, max_f(x) = 167977516.000000 

3249
Temp
[ 4.  1.  3.  4.  1.  3.]
[1547968.0]
[ 4.  1.  3.  4.  1.  3.]
095-th step: f(x) = 1547968.000000, max_f(x) = 167977516.000000 

2230
Temp
[ 3.  1.  3.  4.  2.  4.]
[102223578.0]
[ 3.  1.  3.  4.  2.  4.]
096-th step: f(x) = 102223578.000000, max_f(x) = 167977516.000000 

2214
Temp
[ 3.  1.  3.  3.  2.  4.]
[145721535.0]
[ 3.  1.  3.  3.  2.  4.]
097-th step: f(x) = 145721535.000000, max_f(x) = 167977516.000000 

2154
Temp
[ 3.  1.  2.  3.  3.  4.]
[2429436.0]
[ 3.  1.  2.  3.  3.  4.]
098-th step: f(x) = 2429436.000000, max_f(x) = 167977516.000000 

2194
Temp
[ 3.  1.  3.  2.  1.  4.]
[122058366.0]
[ 3.  1.  3.  2.  1.  4.]
099-th step: f(x) = 122058366.000000, max_f(x) = 167977516.000000 

1106
Temp
[ 2.  1.  2.  2.  1.  4.]
[31095792.0]
[ 2.  1.  2.  2.  1.  4.]
100-th step: f(x) = 31095792.000000, max_f(x) = 167977516.000000 

Done.
 
Save...
Done. 
 
