+------------------------------------------------------------------------------+
|                                                                              |
| Atomistix ToolKit 2017.0 [Build 15d690eb18]                                  |
|                                                                              |
+------------------------------------------------------------------------------+
+----------------------------------------------------------+
| Bulk Bravais lattice                                     |
+----------------------------------------------------------+
Type:
UnitCell

Lattice constants:

Primitive vectors:
u_1 =      8.617997      0.000000      0.000000 Ang
u_2 =      0.000000      8.617997      0.000000 Ang
u_3 =      0.000000      0.000000     38.733744 Ang

+----------------------------------------------------------+
| Bulk: Cartesian (Angstrom) / fractional                  |
+----------------------------------------------------------+
156
Bulk
P     4.739898e+00  4.308999e-01  5.092434e+00    0.55000  0.05000  0.13147
P     8.187097e+00  2.154499e+00  5.092434e+00    0.95000  0.25000  0.13147
P     3.016299e+00  3.878099e+00  5.092434e+00    0.35000  0.45000  0.13147
P     6.463498e+00  5.601698e+00  5.092434e+00    0.75000  0.65000  0.13147
P     1.292700e+00  7.325298e+00  5.092434e+00    0.15000  0.85000  0.13147
Ga    6.463498e+00  1.292700e+00  6.455059e+00    0.75000  0.15000  0.16665
Ga    1.292700e+00  3.016299e+00  6.455059e+00    0.15000  0.35000  0.16665
Ga    4.739898e+00  4.739898e+00  6.455059e+00    0.55000  0.55000  0.16665
Ga    8.187097e+00  6.463498e+00  6.455059e+00    0.95000  0.75000  0.16665
Ga    3.016299e+00  8.187097e+00  6.455059e+00    0.35000  0.95000  0.16665
P     2.154499e+00  1.292700e+00  7.817684e+00    0.25000  0.15000  0.20183
P     5.601698e+00  3.016299e+00  7.817684e+00    0.65000  0.35000  0.20183
P     4.308999e-01  4.739898e+00  7.817684e+00    0.05000  0.55000  0.20183
P     3.878099e+00  6.463498e+00  7.817684e+00    0.45000  0.75000  0.20183
P     7.325298e+00  8.187097e+00  7.817684e+00    0.85000  0.95000  0.20183
Ga    4.308999e-01  4.308999e-01  9.180309e+00    0.05000  0.05000  0.23701
Ga    3.878099e+00  2.154499e+00  9.180309e+00    0.45000  0.25000  0.23701
Ga    7.325298e+00  3.878099e+00  9.180309e+00    0.85000  0.45000  0.23701
Ga    2.154499e+00  5.601698e+00  9.180309e+00    0.25000  0.65000  0.23701
Ga    5.601698e+00  7.325298e+00  9.180309e+00    0.65000  0.85000  0.23701
P     4.739898e+00  4.308999e-01  1.054293e+01    0.55000  0.05000  0.27219
P     8.187097e+00  2.154499e+00  1.054293e+01    0.95000  0.25000  0.27219
P     3.016299e+00  3.878099e+00  1.054293e+01    0.35000  0.45000  0.27219
P     6.463498e+00  5.601698e+00  1.054293e+01    0.75000  0.65000  0.27219
P     1.292700e+00  7.325298e+00  1.054293e+01    0.15000  0.85000  0.27219
Ga    6.463498e+00  1.292700e+00  1.190556e+01    0.75000  0.15000  0.30737
Ga    1.292700e+00  3.016299e+00  1.190556e+01    0.15000  0.35000  0.30737
Ga    4.739898e+00  4.739898e+00  1.190556e+01    0.55000  0.55000  0.30737
Ga    8.187097e+00  6.463498e+00  1.190556e+01    0.95000  0.75000  0.30737
Ga    3.016299e+00  8.187097e+00  1.190556e+01    0.35000  0.95000  0.30737
P     2.154499e+00  1.292700e+00  1.326818e+01    0.25000  0.15000  0.34255
P     5.601698e+00  3.016299e+00  1.326818e+01    0.65000  0.35000  0.34255
P     4.308999e-01  4.739898e+00  1.326818e+01    0.05000  0.55000  0.34255
P     3.878099e+00  6.463498e+00  1.326818e+01    0.45000  0.75000  0.34255
P     7.325298e+00  8.187097e+00  1.326818e+01    0.85000  0.95000  0.34255
Ga    4.308999e-01  4.308999e-01  1.463081e+01    0.05000  0.05000  0.37773
Ga    3.878099e+00  2.154499e+00  1.463081e+01    0.45000  0.25000  0.37773
Ga    7.325298e+00  3.878099e+00  1.463081e+01    0.85000  0.45000  0.37773
Ga    2.154499e+00  5.601698e+00  1.463081e+01    0.25000  0.65000  0.37773
Ga    5.601698e+00  7.325298e+00  1.463081e+01    0.65000  0.85000  0.37773
P     4.676294e+00  4.205980e-01  1.594668e+01    0.54262  0.04880  0.41170
P     8.229426e+00  2.138496e+00  1.601313e+01    0.95491  0.24814  0.41342
P     2.987032e+00  3.873439e+00  1.594214e+01    0.34660  0.44946  0.41158
P     6.520994e+00  5.526033e+00  1.598073e+01    0.75667  0.64122  0.41258
P     1.277881e+00  7.333582e+00  1.592913e+01    0.14828  0.85096  0.41125
Ga    6.472250e+00  1.350871e+00  1.730086e+01    0.75102  0.15675  0.44666
Ga    1.300747e+00  2.986355e+00  1.735651e+01    0.15093  0.34653  0.44810
Ga    4.731508e+00  4.680992e+00  1.736229e+01    0.54903  0.54316  0.44825
Ga    8.179142e+00  6.489589e+00  1.743467e+01    0.94908  0.75303  0.45012
Ga    2.919258e+00  8.111085e+00  1.727752e+01    0.33874  0.94118  0.44606
P     2.135421e+00  1.265868e+00  1.869747e+01    0.24779  0.14689  0.48272
P     5.517756e+00  2.955268e+00  1.863136e+01    0.64026  0.34292  0.48101
P     3.320233e-01  4.784848e+00  1.869949e+01    0.03853  0.55522  0.48277
P     3.914381e+00  6.465758e+00  1.871723e+01    0.45421  0.75026  0.48323
P     7.304767e+00  8.287005e+00  1.864336e+01    0.84762  0.96159  0.48132
Ga    4.032391e-01  5.346212e-01  2.001904e+01    0.04679  0.06204  0.51684
Ga    3.821895e+00  2.162582e+00  2.010669e+01    0.44348  0.25094  0.51910
Ga    7.256881e+00  3.886454e+00  2.000858e+01    0.84206  0.45097  0.51657
Ga    2.192909e+00  5.553015e+00  2.005166e+01    0.25446  0.64435  0.51768
Ga    5.531031e+00  7.373325e+00  2.008128e+01    0.64180  0.85557  0.51844
N     3.715391e+00  1.519458e+00  2.115512e+01    0.43112  0.17631  0.54617
N     7.968640e+00  1.439074e+00  2.112790e+01    0.92465  0.16698  0.54547
N     1.531564e+00  3.721577e+00  2.118111e+01    0.17772  0.43184  0.54684
N     5.836857e+00  3.594865e+00  2.126349e+01    0.67729  0.41713  0.54897
N     3.624104e+00  5.760100e+00  2.120096e+01    0.42053  0.66838  0.54735
N     7.967614e+00  5.812072e+00  2.121021e+01    0.92453  0.67441  0.54759
N     1.527285e+00  7.999441e+00  2.130552e+01    0.17722  0.92823  0.55005
N     5.821642e+00  7.861870e+00  2.120727e+01    0.67552  0.91226  0.54751
Ga    2.512619e+00  3.614879e-01  2.230190e+01    0.29155  0.04195  0.57577
Ga    6.892633e+00  4.839353e-01  2.233677e+01    0.79980  0.05615  0.57667
Ga    4.385001e-01  2.579638e+00  2.226746e+01    0.05088  0.29933  0.57489
Ga    4.745363e+00  2.625847e+00  2.230941e+01    0.55063  0.30469  0.57597
Ga    2.545694e+00  4.748435e+00  2.241310e+01    0.29539  0.55099  0.57865
Ga    6.912151e+00  4.777433e+00  2.233231e+01    0.80206  0.55436  0.57656
Ga    4.004275e-01  6.853306e+00  2.233961e+01    0.04646  0.79523  0.57675
Ga    4.752709e+00  6.893598e+00  2.235439e+01    0.55149  0.79991  0.57713
N     1.576811e+00  1.520561e+00  2.338622e+01    0.18297  0.17644  0.60377
N     5.832233e+00  1.467304e+00  2.353753e+01    0.67675  0.17026  0.60767
N     3.670678e+00  3.627018e+00  2.351734e+01    0.42593  0.42087  0.60715
N     7.872930e+00  3.599080e+00  2.354402e+01    0.91355  0.41762  0.60784
N     1.485744e+00  5.806237e+00  2.356353e+01    0.17240  0.67373  0.60835
N     5.788706e+00  5.748603e+00  2.337003e+01    0.67170  0.66705  0.60335
N     3.692849e+00  7.988958e+00  2.346614e+01    0.42850  0.92701  0.60583
N     7.933511e+00  7.949048e+00  2.342931e+01    0.92057  0.92238  0.60488
Ga    4.200599e-01  4.066061e-01  2.458870e+01    0.04874  0.04718  0.63481
Ga    4.651517e+00  3.971252e-01  2.455404e+01    0.53974  0.04608  0.63392
Ga    2.586037e+00  2.539513e+00  2.459547e+01    0.30007  0.29468  0.63499
Ga    6.943719e+00  2.685311e+00  2.453635e+01    0.80572  0.31159  0.63346
Ga    4.540429e-01  4.648293e+00  2.462007e+01    0.05269  0.53937  0.63562
Ga    4.736785e+00  4.718562e+00  2.464952e+01    0.54964  0.54752  0.63638
Ga    2.502806e+00  6.935499e+00  2.458583e+01    0.29042  0.80477  0.63474
Ga    6.856538e+00  6.834845e+00  2.460166e+01    0.79561  0.79309  0.63515
N     3.662649e+00  1.508150e+00  2.573131e+01    0.42500  0.17500  0.66431
N     7.971647e+00  1.508150e+00  2.573131e+01    0.92500  0.17500  0.66431
N     1.508150e+00  3.662649e+00  2.573131e+01    0.17500  0.42500  0.66431
N     5.817148e+00  3.662649e+00  2.573131e+01    0.67500  0.42500  0.66431
N     3.662649e+00  5.817148e+00  2.573131e+01    0.42500  0.67500  0.66431
N     7.971647e+00  5.817148e+00  2.573131e+01    0.92500  0.67500  0.66431
N     1.508150e+00  7.971647e+00  2.573131e+01    0.17500  0.92500  0.66431
N     5.817148e+00  7.971647e+00  2.573131e+01    0.67500  0.92500  0.66431
Ga    2.585399e+00  4.308999e-01  2.686131e+01    0.30000  0.05000  0.69349
Ga    6.894398e+00  4.308999e-01  2.686131e+01    0.80000  0.05000  0.69349
Ga    4.308999e-01  2.585399e+00  2.686131e+01    0.05000  0.30000  0.69349
Ga    4.739898e+00  2.585399e+00  2.686131e+01    0.55000  0.30000  0.69349
Ga    2.585399e+00  4.739898e+00  2.686131e+01    0.30000  0.55000  0.69349
Ga    6.894398e+00  4.739898e+00  2.686131e+01    0.80000  0.55000  0.69349
Ga    4.308999e-01  6.894398e+00  2.686131e+01    0.05000  0.80000  0.69349
Ga    4.739898e+00  6.894398e+00  2.686131e+01    0.55000  0.80000  0.69349
N     1.508150e+00  1.508150e+00  2.799131e+01    0.17500  0.17500  0.72266
N     5.817148e+00  1.508150e+00  2.799131e+01    0.67500  0.17500  0.72266
N     3.662649e+00  3.662649e+00  2.799131e+01    0.42500  0.42500  0.72266
N     7.971647e+00  3.662649e+00  2.799131e+01    0.92500  0.42500  0.72266
N     1.508150e+00  5.817148e+00  2.799131e+01    0.17500  0.67500  0.72266
N     5.817148e+00  5.817148e+00  2.799131e+01    0.67500  0.67500  0.72266
N     3.662649e+00  7.971647e+00  2.799131e+01    0.42500  0.92500  0.72266
N     7.971647e+00  7.971647e+00  2.799131e+01    0.92500  0.92500  0.72266
Ga    4.308999e-01  4.308999e-01  2.912131e+01    0.05000  0.05000  0.75183
Ga    4.739898e+00  4.308999e-01  2.912131e+01    0.55000  0.05000  0.75183
Ga    2.585399e+00  2.585399e+00  2.912131e+01    0.30000  0.30000  0.75183
Ga    6.894398e+00  2.585399e+00  2.912131e+01    0.80000  0.30000  0.75183
Ga    4.308999e-01  4.739898e+00  2.912131e+01    0.05000  0.55000  0.75183
Ga    4.739898e+00  4.739898e+00  2.912131e+01    0.55000  0.55000  0.75183
Ga    2.585399e+00  6.894398e+00  2.912131e+01    0.30000  0.80000  0.75183
Ga    6.894398e+00  6.894398e+00  2.912131e+01    0.80000  0.80000  0.75183
N     3.662649e+00  1.508150e+00  3.025131e+01    0.42500  0.17500  0.78101
N     7.971647e+00  1.508150e+00  3.025131e+01    0.92500  0.17500  0.78101
N     1.508150e+00  3.662649e+00  3.025131e+01    0.17500  0.42500  0.78101
N     5.817148e+00  3.662649e+00  3.025131e+01    0.67500  0.42500  0.78101
N     3.662649e+00  5.817148e+00  3.025131e+01    0.42500  0.67500  0.78101
N     7.971647e+00  5.817148e+00  3.025131e+01    0.92500  0.67500  0.78101
N     1.508150e+00  7.971647e+00  3.025131e+01    0.17500  0.92500  0.78101
N     5.817148e+00  7.971647e+00  3.025131e+01    0.67500  0.92500  0.78101
Ga    2.585399e+00  4.308999e-01  3.138131e+01    0.30000  0.05000  0.81018
Ga    6.894398e+00  4.308999e-01  3.138131e+01    0.80000  0.05000  0.81018
Ga    4.308999e-01  2.585399e+00  3.138131e+01    0.05000  0.30000  0.81018
Ga    4.739898e+00  2.585399e+00  3.138131e+01    0.55000  0.30000  0.81018
Ga    2.585399e+00  4.739898e+00  3.138131e+01    0.30000  0.55000  0.81018
Ga    6.894398e+00  4.739898e+00  3.138131e+01    0.80000  0.55000  0.81018
Ga    4.308999e-01  6.894398e+00  3.138131e+01    0.05000  0.80000  0.81018
Ga    4.739898e+00  6.894398e+00  3.138131e+01    0.55000  0.80000  0.81018
N     1.508150e+00  1.508150e+00  3.251131e+01    0.17500  0.17500  0.83935
N     5.817148e+00  1.508150e+00  3.251131e+01    0.67500  0.17500  0.83935
N     3.662649e+00  3.662649e+00  3.251131e+01    0.42500  0.42500  0.83935
N     7.971647e+00  3.662649e+00  3.251131e+01    0.92500  0.42500  0.83935
N     1.508150e+00  5.817148e+00  3.251131e+01    0.17500  0.67500  0.83935
N     5.817148e+00  5.817148e+00  3.251131e+01    0.67500  0.67500  0.83935
N     3.662649e+00  7.971647e+00  3.251131e+01    0.42500  0.92500  0.83935
N     7.971647e+00  7.971647e+00  3.251131e+01    0.92500  0.92500  0.83935
Ga    4.308999e-01  4.308999e-01  3.364131e+01    0.05000  0.05000  0.86853
Ga    4.739898e+00  4.308999e-01  3.364131e+01    0.55000  0.05000  0.86853
Ga    2.585399e+00  2.585399e+00  3.364131e+01    0.30000  0.30000  0.86853
Ga    6.894398e+00  2.585399e+00  3.364131e+01    0.80000  0.30000  0.86853
Ga    4.308999e-01  4.739898e+00  3.364131e+01    0.05000  0.55000  0.86853
Ga    4.739898e+00  4.739898e+00  3.364131e+01    0.55000  0.55000  0.86853
Ga    2.585399e+00  6.894398e+00  3.364131e+01    0.30000  0.80000  0.86853
Ga    6.894398e+00  6.894398e+00  3.364131e+01    0.80000  0.80000  0.86853
+------------------------------------------------------------------------------+
| Geometry optimization using the LBFGS optimizer                              |
+------------------------------------------------------------------------------+
|      Step     Step Length      Max. Force             Energy                 |
|                     (Ang)        (eV/Ang)               (eV)                 |
+------------------------------------------------------------------------------+
|         0      0.0000e+00      1.4179e+02        -531.349120                 |
|         1      1.2467e-01      4.6980e+01        -570.487116                 |
|         2      6.6944e-02      3.0370e+01        -581.033193                 |
|         3      1.2811e-01      9.1752e+00        -589.468270                 |
|         4      6.8168e-02      6.7068e+00        -591.595088                 |
|         5      1.2508e-01      3.7886e+00        -593.433527                 |
|         6      5.0797e-02      2.5656e+00        -594.299420                 |
|         7      1.0590e-01      1.7342e+01        -594.444203                 |
|         8      6.3860e-02      1.1640e+00        -595.139412                 |
|         9      1.1591e-02      9.8771e-01        -595.244925                 |
|        10      6.4895e-02      1.6063e+00        -595.669470                 |
|        11      6.6286e-02      3.6335e+00        -595.935256                 |
|        12      8.7323e-02      3.6484e+00        -596.159642                 |
|        13      8.3214e-02      3.6270e+00        -596.430098                 |
|        14      8.3425e-02      2.0775e+00        -596.762049                 |
|        15      5.9519e-02      1.6942e+00        -597.165428                 |
|        16      4.7604e-02      8.2972e+00        -597.238807                 |
|        17      2.4263e-02      3.0960e+00        -597.457083                 |
|        18      4.6801e-02      3.4271e+00        -597.708137                 |
|        19      3.3341e-02      3.4322e+00        -597.835731                 |
|        20      8.9522e-02      3.0389e+00        -598.247152                 |
|        21      1.6849e-02      2.7479e+00        -598.339103                 |
|        22      7.3065e-02      2.8922e+00        -598.527856                 |
|        23      7.4263e-02      2.6560e+00        -598.672808                 |
|        24      1.0294e-01      2.9306e+00        -598.743255                 |
|        25      2.1751e-02      8.8105e-01        -598.811075                 |
|        26      2.3242e-02      9.3140e-01        -598.866360                 |
|        27      3.8420e-02      8.8938e-01        -598.911218                 |
|        28      6.3959e-02      4.8119e-01        -598.958868                 |
|        29      4.2301e-02      5.2746e-01        -598.972334                 |
|        30      7.0350e-03      2.3268e-01        -598.980782                 |
+------------------------------------------------------------------------------+
| Geometry optimization converged in 30 steps.                                 |
+------------------------------------------------------------------------------+
+----------------------------------------------------------+
| Bulk Bravais lattice                                     |
+----------------------------------------------------------+
Type:
UnitCell

Lattice constants:

Primitive vectors:
u_1 =      8.617997      0.000000      0.000000 Ang
u_2 =      0.000000      8.617997      0.000000 Ang
u_3 =      0.000000      0.000000     38.733744 Ang

+----------------------------------------------------------+
| Bulk: Cartesian (Angstrom) / fractional                  |
+----------------------------------------------------------+
156
Bulk
P     4.696198e+00  4.302929e-01  4.876888e+00    0.54493  0.04993  0.12591
P     8.143397e+00  2.153892e+00  4.876888e+00    0.94493  0.24993  0.12591
P     2.972599e+00  3.877492e+00  4.876888e+00    0.34493  0.44993  0.12591
P     6.419798e+00  5.601091e+00  4.876888e+00    0.74493  0.64993  0.12591
P     1.249000e+00  7.324691e+00  4.876888e+00    0.14493  0.84993  0.12591
Ga    6.419798e+00  1.292093e+00  6.239513e+00    0.74493  0.14993  0.16109
Ga    1.249000e+00  3.015692e+00  6.239513e+00    0.14493  0.34993  0.16109
Ga    4.696198e+00  4.739291e+00  6.239513e+00    0.54493  0.54993  0.16109
Ga    8.143397e+00  6.462891e+00  6.239513e+00    0.94493  0.74993  0.16109
Ga    2.972599e+00  8.186490e+00  6.239513e+00    0.34493  0.94993  0.16109
P     2.110799e+00  1.292093e+00  7.602138e+00    0.24493  0.14993  0.19627
P     5.557998e+00  3.015692e+00  7.602138e+00    0.64493  0.34993  0.19627
P     3.871999e-01  4.739291e+00  7.602138e+00    0.04493  0.54993  0.19627
P     3.834399e+00  6.462891e+00  7.602138e+00    0.44493  0.74993  0.19627
P     7.281598e+00  8.186490e+00  7.602138e+00    0.84493  0.94993  0.19627
Ga    3.871999e-01  4.302929e-01  8.964763e+00    0.04493  0.04993  0.23145
Ga    3.834399e+00  2.153892e+00  8.964763e+00    0.44493  0.24993  0.23145
Ga    7.281598e+00  3.877492e+00  8.964763e+00    0.84493  0.44993  0.23145
Ga    2.110799e+00  5.601091e+00  8.964763e+00    0.24493  0.64993  0.23145
Ga    5.557998e+00  7.324691e+00  8.964763e+00    0.64493  0.84993  0.23145
P     4.696198e+00  4.302929e-01  1.032739e+01    0.54493  0.04993  0.26663
P     8.143397e+00  2.153892e+00  1.032739e+01    0.94493  0.24993  0.26663
P     2.972599e+00  3.877492e+00  1.032739e+01    0.34493  0.44993  0.26663
P     6.419798e+00  5.601091e+00  1.032739e+01    0.74493  0.64993  0.26663
P     1.249000e+00  7.324691e+00  1.032739e+01    0.14493  0.84993  0.26663
Ga    6.419798e+00  1.292093e+00  1.169001e+01    0.74493  0.14993  0.30180
Ga    1.249000e+00  3.015692e+00  1.169001e+01    0.14493  0.34993  0.30180
Ga    4.696198e+00  4.739291e+00  1.169001e+01    0.54493  0.54993  0.30180
Ga    8.143397e+00  6.462891e+00  1.169001e+01    0.94493  0.74993  0.30180
Ga    2.972599e+00  8.186490e+00  1.169001e+01    0.34493  0.94993  0.30180
P     2.110799e+00  1.292093e+00  1.305264e+01    0.24493  0.14993  0.33698
P     5.557998e+00  3.015692e+00  1.305264e+01    0.64493  0.34993  0.33698
P     3.871999e-01  4.739291e+00  1.305264e+01    0.04493  0.54993  0.33698
P     3.834399e+00  6.462891e+00  1.305264e+01    0.44493  0.74993  0.33698
P     7.281598e+00  8.186490e+00  1.305264e+01    0.84493  0.94993  0.33698
Ga    3.871999e-01  4.302929e-01  1.441526e+01    0.04493  0.04993  0.37216
Ga    3.834399e+00  2.153892e+00  1.441526e+01    0.44493  0.24993  0.37216
Ga    7.281598e+00  3.877492e+00  1.441526e+01    0.84493  0.44993  0.37216
Ga    2.110799e+00  5.601091e+00  1.441526e+01    0.24493  0.64993  0.37216
Ga    5.557998e+00  7.324691e+00  1.441526e+01    0.64493  0.84993  0.37216
P     4.632594e+00  4.199910e-01  1.573114e+01    0.53755  0.04873  0.40614
P     8.185727e+00  2.137889e+00  1.579758e+01    0.94984  0.24807  0.40785
P     2.943332e+00  3.872832e+00  1.572659e+01    0.34153  0.44939  0.40602
P     6.477294e+00  5.525426e+00  1.576518e+01    0.75160  0.64115  0.40701
P     1.234181e+00  7.332975e+00  1.571358e+01    0.14321  0.85089  0.40568
Ga    6.430373e+00  1.205204e+00  1.705390e+01    0.74616  0.13985  0.44029
Ga    1.215361e+00  3.099871e+00  1.718250e+01    0.14103  0.35970  0.44361
Ga    4.697145e+00  4.711648e+00  1.711099e+01    0.54504  0.54672  0.44176
Ga    8.219506e+00  6.348373e+00  1.715936e+01    0.95376  0.73664  0.44301
Ga    2.914205e+00  8.227075e+00  1.705754e+01    0.33815  0.95464  0.44038
P     1.977465e+00  1.297292e+00  1.841296e+01    0.22946  0.15053  0.47537
P     5.530039e+00  2.875108e+00  1.842013e+01    0.64168  0.33362  0.47556
P     4.167710e-01  4.737688e+00  1.890017e+01    0.04836  0.54974  0.48795
P     3.878897e+00  6.573699e+00  1.840799e+01    0.45009  0.76279  0.47524
P     7.429207e+00  8.143419e+00  1.839727e+01    0.86206  0.94493  0.47497
Ga    3.932936e-01  4.113580e-01  1.987949e+01    0.04564  0.04773  0.51323
Ga    3.683318e+00  2.178451e+00  1.959028e+01    0.42740  0.25278  0.50577
Ga    7.315182e+00  3.229740e+00  1.999083e+01    0.84883  0.37477  0.51611
Ga    2.125832e+00  6.227211e+00  2.000277e+01    0.24667  0.72258  0.51642
Ga    5.714726e+00  7.306503e+00  1.958723e+01    0.66312  0.84782  0.50569
N     3.799049e+00  1.429624e+00  2.138006e+01    0.44083  0.16589  0.55198
N     8.030226e+00  1.625434e+00  2.117567e+01    0.93180  0.18861  0.54670
N     1.597115e+00  3.627011e+00  2.127517e+01    0.18532  0.42086  0.54927
N     5.847780e+00  3.791096e+00  2.135274e+01    0.67855  0.43990  0.55127
N     3.613163e+00  5.688825e+00  2.135218e+01    0.41926  0.66011  0.55126
N     7.922738e+00  5.851326e+00  2.125404e+01    0.91932  0.67897  0.54872
N     1.414344e+00  7.833401e+00  2.116943e+01    0.16412  0.90896  0.54654
N     5.676888e+00  8.041184e+00  2.139376e+01    0.65872  0.93307  0.55233
Ga    2.558006e+00  3.510268e-01  2.238122e+01    0.29682  0.04073  0.57782
Ga    6.902205e+00  5.018140e-01  2.242512e+01    0.80091  0.05823  0.57896
Ga    5.057501e-01  2.587327e+00  2.244063e+01    0.05869  0.30022  0.57936
Ga    4.788411e+00  2.631144e+00  2.249630e+01    0.55563  0.30531  0.58079
Ga    2.565665e+00  4.678026e+00  2.255343e+01    0.29771  0.54282  0.58227
Ga    6.935690e+00  4.809100e+00  2.251367e+01    0.80479  0.55803  0.58124
Ga    3.692921e-01  6.865697e+00  2.247796e+01    0.04285  0.79667  0.58032
Ga    4.679141e+00  6.839253e+00  2.249635e+01    0.54295  0.79360  0.58079
N     1.533802e+00  1.466128e+00  2.361725e+01    0.17798  0.17012  0.60973
N     5.848478e+00  1.550344e+00  2.366142e+01    0.67864  0.17990  0.61087
N     3.685971e+00  3.648374e+00  2.370123e+01    0.42771  0.42334  0.61190
N     8.052265e+00  3.691437e+00  2.360000e+01    0.93435  0.42834  0.60929
N     1.475879e+00  5.802752e+00  2.367379e+01    0.17126  0.67333  0.61119
N     5.798475e+00  5.804501e+00  2.367894e+01    0.67283  0.67353  0.61133
N     3.601370e+00  7.945692e+00  2.362134e+01    0.41789  0.92199  0.60984
N     7.940125e+00  7.980086e+00  2.364202e+01    0.92134  0.92598  0.61037
Ga    4.404756e-01  4.205489e-01  2.482581e+01    0.05111  0.04880  0.64093
Ga    4.671933e+00  4.110681e-01  2.479114e+01    0.54211  0.04770  0.64004
Ga    2.606452e+00  2.553456e+00  2.483257e+01    0.30244  0.29629  0.64111
Ga    6.964135e+00  2.699254e+00  2.477345e+01    0.80809  0.31321  0.63958
Ga    4.744586e-01  4.662236e+00  2.485717e+01    0.05505  0.54099  0.64174
Ga    4.757201e+00  4.732504e+00  2.488662e+01    0.55201  0.54914  0.64250
Ga    2.523222e+00  6.949442e+00  2.482293e+01    0.29279  0.80639  0.64086
Ga    6.876953e+00  6.848788e+00  2.483876e+01    0.79798  0.79471  0.64127
N     3.683065e+00  1.522092e+00  2.596841e+01    0.42737  0.17662  0.67043
N     7.992063e+00  1.522092e+00  2.596841e+01    0.92737  0.17662  0.67043
N     1.528565e+00  3.676592e+00  2.596841e+01    0.17737  0.42662  0.67043
N     5.837564e+00  3.676592e+00  2.596841e+01    0.67737  0.42662  0.67043
N     3.683065e+00  5.831091e+00  2.596841e+01    0.42737  0.67662  0.67043
N     7.992063e+00  5.831091e+00  2.596841e+01    0.92737  0.67662  0.67043
N     1.528565e+00  7.985590e+00  2.596841e+01    0.17737  0.92662  0.67043
N     5.837564e+00  7.985590e+00  2.596841e+01    0.67737  0.92662  0.67043
Ga    2.605815e+00  4.448427e-01  2.709841e+01    0.30237  0.05162  0.69961
Ga    6.914813e+00  4.448427e-01  2.709841e+01    0.80237  0.05162  0.69961
Ga    4.513156e-01  2.599342e+00  2.709841e+01    0.05237  0.30162  0.69961
Ga    4.760314e+00  2.599342e+00  2.709841e+01    0.55237  0.30162  0.69961
Ga    2.605815e+00  4.753841e+00  2.709841e+01    0.30237  0.55162  0.69961
Ga    6.914813e+00  4.753841e+00  2.709841e+01    0.80237  0.55162  0.69961
Ga    4.513156e-01  6.908341e+00  2.709841e+01    0.05237  0.80162  0.69961
Ga    4.760314e+00  6.908341e+00  2.709841e+01    0.55237  0.80162  0.69961
N     1.528565e+00  1.522092e+00  2.822841e+01    0.17737  0.17662  0.72878
N     5.837564e+00  1.522092e+00  2.822841e+01    0.67737  0.17662  0.72878
N     3.683065e+00  3.676592e+00  2.822841e+01    0.42737  0.42662  0.72878
N     7.992063e+00  3.676592e+00  2.822841e+01    0.92737  0.42662  0.72878
N     1.528565e+00  5.831091e+00  2.822841e+01    0.17737  0.67662  0.72878
N     5.837564e+00  5.831091e+00  2.822841e+01    0.67737  0.67662  0.72878
N     3.683065e+00  7.985590e+00  2.822841e+01    0.42737  0.92662  0.72878
N     7.992063e+00  7.985590e+00  2.822841e+01    0.92737  0.92662  0.72878
Ga    4.513156e-01  4.448427e-01  2.935841e+01    0.05237  0.05162  0.75795
Ga    4.760314e+00  4.448427e-01  2.935841e+01    0.55237  0.05162  0.75795
Ga    2.605815e+00  2.599342e+00  2.935841e+01    0.30237  0.30162  0.75795
Ga    6.914813e+00  2.599342e+00  2.935841e+01    0.80237  0.30162  0.75795
Ga    4.513156e-01  4.753841e+00  2.935841e+01    0.05237  0.55162  0.75795
Ga    4.760314e+00  4.753841e+00  2.935841e+01    0.55237  0.55162  0.75795
Ga    2.605815e+00  6.908341e+00  2.935841e+01    0.30237  0.80162  0.75795
Ga    6.914813e+00  6.908341e+00  2.935841e+01    0.80237  0.80162  0.75795
N     3.683065e+00  1.522092e+00  3.048841e+01    0.42737  0.17662  0.78713
N     7.992063e+00  1.522092e+00  3.048841e+01    0.92737  0.17662  0.78713
N     1.528565e+00  3.676592e+00  3.048841e+01    0.17737  0.42662  0.78713
N     5.837564e+00  3.676592e+00  3.048841e+01    0.67737  0.42662  0.78713
N     3.683065e+00  5.831091e+00  3.048841e+01    0.42737  0.67662  0.78713
N     7.992063e+00  5.831091e+00  3.048841e+01    0.92737  0.67662  0.78713
N     1.528565e+00  7.985590e+00  3.048841e+01    0.17737  0.92662  0.78713
N     5.837564e+00  7.985590e+00  3.048841e+01    0.67737  0.92662  0.78713
Ga    2.605815e+00  4.448427e-01  3.161841e+01    0.30237  0.05162  0.81630
Ga    6.914813e+00  4.448427e-01  3.161841e+01    0.80237  0.05162  0.81630
Ga    4.513156e-01  2.599342e+00  3.161841e+01    0.05237  0.30162  0.81630
Ga    4.760314e+00  2.599342e+00  3.161841e+01    0.55237  0.30162  0.81630
Ga    2.605815e+00  4.753841e+00  3.161841e+01    0.30237  0.55162  0.81630
Ga    6.914813e+00  4.753841e+00  3.161841e+01    0.80237  0.55162  0.81630
Ga    4.513156e-01  6.908341e+00  3.161841e+01    0.05237  0.80162  0.81630
Ga    4.760314e+00  6.908341e+00  3.161841e+01    0.55237  0.80162  0.81630
N     1.528565e+00  1.522092e+00  3.274841e+01    0.17737  0.17662  0.84547
N     5.837564e+00  1.522092e+00  3.274841e+01    0.67737  0.17662  0.84547
N     3.683065e+00  3.676592e+00  3.274841e+01    0.42737  0.42662  0.84547
N     7.992063e+00  3.676592e+00  3.274841e+01    0.92737  0.42662  0.84547
N     1.528565e+00  5.831091e+00  3.274841e+01    0.17737  0.67662  0.84547
N     5.837564e+00  5.831091e+00  3.274841e+01    0.67737  0.67662  0.84547
N     3.683065e+00  7.985590e+00  3.274841e+01    0.42737  0.92662  0.84547
N     7.992063e+00  7.985590e+00  3.274841e+01    0.92737  0.92662  0.84547
Ga    4.513156e-01  4.448427e-01  3.387841e+01    0.05237  0.05162  0.87465
Ga    4.760314e+00  4.448427e-01  3.387841e+01    0.55237  0.05162  0.87465
Ga    2.605815e+00  2.599342e+00  3.387841e+01    0.30237  0.30162  0.87465
Ga    6.914813e+00  2.599342e+00  3.387841e+01    0.80237  0.30162  0.87465
Ga    4.513156e-01  4.753841e+00  3.387841e+01    0.05237  0.55162  0.87465
Ga    4.760314e+00  4.753841e+00  3.387841e+01    0.55237  0.55162  0.87465
Ga    2.605815e+00  6.908341e+00  3.387841e+01    0.30237  0.80162  0.87465
Ga    6.914813e+00  6.908341e+00  3.387841e+01    0.80237  0.80162  0.87465

Timing:                          Total     Per Step        %

--------------------------------------------------------------------------------

Loading Modules + MPI   :       7.88 s       7.88 s      87.00% |=============|
File IO, nlsave         :       0.06 s       0.03 s       0.62% |
--------------------------------------------------------------------------------
Total                   :       9.06 s
