(4095, 6)
[[ 1.  1.  1.  1.  1.  2.]
 [ 1.  1.  1.  1.  1.  3.]
 [ 1.  1.  1.  1.  1.  4.]
 ..., 
 [ 4.  4.  4.  4.  4.  2.]
 [ 4.  4.  4.  4.  4.  3.]
 [ 4.  4.  4.  4.  4.  4.]]
( search )
dir_name: res
num_multi_probe:  10
multi_probe_num_sampling:  50
score: TS
max_search: 100
num_rand_search:  20
alpha:  1.0


( predict )
is_rand_expans:  True
num_basis:  5000


( learning )
method :  adam
is_hyparams_learning:  True
is_disp:  False
num_init_params_search:  20
interval:  20
max_epoch:  2000
max_epoch_init_params_search:  20
batch_size:  64
eval_size:  5000
alpha =  0.001
beta =  0.9
gamma =  0.999
epsilon =  1e-06


Call simulator
Hello!
Start the random search .....

1061
Temp
[ 2.  1.  1.  3.  2.  3.]
[99779430.0]
[ 2.  1.  1.  3.  2.  3.]
001-th step: f(x) = -99779430.000000, max_f(x) = -99779430.000000 

235
Temp
[ 1.  1.  4.  3.  4.  1.]
[2087172.0]
[ 1.  1.  4.  3.  4.  1.]
002-th step: f(x) = -2087172.000000, max_f(x) = -2087172.000000 

3982
Temp
[ 4.  4.  3.  1.  4.  4.]
[10215811.0]
[ 4.  4.  3.  1.  4.  4.]
003-th step: f(x) = -10215811.000000, max_f(x) = -2087172.000000 

1098
Temp
[ 2.  1.  2.  1.  3.  4.]
[2087172.0]
[ 2.  1.  2.  1.  3.  4.]
004-th step: f(x) = -2087172.000000, max_f(x) = -2087172.000000 

3842
Temp
[ 4.  4.  1.  1.  1.  4.]
[2087172.0]
[ 4.  4.  1.  1.  1.  4.]
005-th step: f(x) = -2087172.000000, max_f(x) = -2087172.000000 

906
Temp
[ 1.  4.  3.  1.  3.  4.]
[2087172.0]
[ 1.  4.  3.  1.  3.  4.]
006-th step: f(x) = -2087172.000000, max_f(x) = -2087172.000000 

2767
Temp
[ 3.  3.  4.  2.  1.  1.]
[2087172.0]
[ 3.  3.  4.  2.  1.  1.]
007-th step: f(x) = -2087172.000000, max_f(x) = -2087172.000000 

3722
Temp
[ 4.  3.  3.  1.  3.  4.]
[9703687.0]
[ 4.  3.  3.  1.  3.  4.]
008-th step: f(x) = -9703687.000000, max_f(x) = -2087172.000000 

2900
Temp
[ 3.  4.  2.  2.  2.  2.]
[80206852.0]
[ 3.  4.  2.  2.  2.  2.]
009-th step: f(x) = -80206852.000000, max_f(x) = -2087172.000000 

962
Temp
[ 1.  4.  4.  1.  1.  4.]
[2087172.0]
[ 1.  4.  4.  1.  1.  4.]
010-th step: f(x) = -2087172.000000, max_f(x) = -2087172.000000 

144
Temp
[ 1.  1.  3.  2.  1.  2.]
[592710.0]
[ 1.  1.  3.  2.  1.  2.]
011-th step: f(x) = -592710.000000, max_f(x) = -592710.000000 

129
Temp
[ 1.  1.  3.  1.  1.  3.]
[7599119.0]
[ 1.  1.  3.  1.  1.  3.]
012-th step: f(x) = -7599119.000000, max_f(x) = -592710.000000 

4056
Temp
[ 4.  4.  4.  2.  3.  2.]
[90658504.0]
[ 4.  4.  4.  2.  3.  2.]
013-th step: f(x) = -90658504.000000, max_f(x) = -592710.000000 

3664
Temp
[ 4.  3.  2.  2.  1.  2.]
[72678714.0]
[ 4.  3.  2.  2.  1.  2.]
014-th step: f(x) = -72678714.000000, max_f(x) = -592710.000000 

2805
Temp
[ 3.  3.  4.  4.  2.  3.]
[154916956.0]
[ 3.  3.  4.  4.  2.  3.]
015-th step: f(x) = -154916956.000000, max_f(x) = -592710.000000 

2563
Temp
[ 3.  3.  1.  1.  2.  1.]
[2087172.0]
[ 3.  3.  1.  1.  2.  1.]
016-th step: f(x) = -2087172.000000, max_f(x) = -592710.000000 

3473
Temp
[ 4.  2.  3.  2.  1.  3.]
[152427326.0]
[ 4.  2.  3.  2.  1.  3.]
017-th step: f(x) = -152427326.000000, max_f(x) = -592710.000000 

3364
Temp
[ 4.  2.  1.  3.  2.  2.]
[104824.0]
[ 4.  2.  1.  3.  2.  2.]
018-th step: f(x) = -104824.000000, max_f(x) = -104824.000000 

1209
Temp
[ 2.  1.  3.  4.  3.  3.]
[159705194.0]
[ 2.  1.  3.  4.  3.  3.]
019-th step: f(x) = -159705194.000000, max_f(x) = -104824.000000 

1308
Temp
[ 2.  2.  1.  2.  4.  2.]
[60961511.0]
[ 2.  2.  1.  2.  4.  2.]
020-th step: f(x) = -60961511.000000, max_f(x) = -104824.000000 

Done.
 
Start the bayes search ....

Start the initial hyper parameter searching ...
Done

Start the hyper parameter learning ...
Done

779
Temp
[ 1.  4.  1.  1.  4.  1.]
[2087172.0]
[ 1.  4.  1.  1.  4.  1.]
021-th step: f(x) = -2087172.000000, max_f(x) = -104824.000000 

780
Temp
[ 1.  4.  1.  1.  4.  2.]
[16953.0]
[ 1.  4.  1.  1.  4.  2.]
022-th step: f(x) = -16953.000000, max_f(x) = -16953.000000 

775
Temp
[ 1.  4.  1.  1.  3.  1.]
[2087172.0]
[ 1.  4.  1.  1.  3.  1.]
023-th step: f(x) = -2087172.000000, max_f(x) = -16953.000000 

523
Temp
[ 1.  3.  1.  1.  4.  1.]
[2087172.0]
[ 1.  3.  1.  1.  4.  1.]
024-th step: f(x) = -2087172.000000, max_f(x) = -16953.000000 

843
Temp
[ 1.  4.  2.  1.  4.  1.]
[2087172.0]
[ 1.  4.  2.  1.  4.  1.]
025-th step: f(x) = -2087172.000000, max_f(x) = -16953.000000 

771
Temp
[ 1.  4.  1.  1.  2.  1.]
[2087172.0]
[ 1.  4.  1.  1.  2.  1.]
026-th step: f(x) = -2087172.000000, max_f(x) = -16953.000000 

776
Temp
[ 1.  4.  1.  1.  3.  2.]
[78559.0]
[ 1.  4.  1.  1.  3.  2.]
027-th step: f(x) = -78559.000000, max_f(x) = -16953.000000 

781
Temp
[ 1.  4.  1.  1.  4.  3.]
[12430202.0]
[ 1.  4.  1.  1.  4.  3.]
028-th step: f(x) = -12430202.000000, max_f(x) = -16953.000000 

519
Temp
[ 1.  3.  1.  1.  3.  1.]
[2087172.0]
[ 1.  3.  1.  1.  3.  1.]
029-th step: f(x) = -2087172.000000, max_f(x) = -16953.000000 

839
Temp
[ 1.  4.  2.  1.  3.  1.]
[2087172.0]
[ 1.  4.  2.  1.  3.  1.]
030-th step: f(x) = -2087172.000000, max_f(x) = -16953.000000 

767
Temp
[ 1.  4.  1.  1.  1.  1.]
[2087172.0]
[ 1.  4.  1.  1.  1.  1.]
031-th step: f(x) = -2087172.000000, max_f(x) = -16953.000000 

1803
Temp
[ 2.  4.  1.  1.  4.  1.]
[11146651.0]
[ 2.  4.  1.  1.  4.  1.]
032-th step: f(x) = -11146651.000000, max_f(x) = -16953.000000 

772
Temp
[ 1.  4.  1.  1.  2.  2.]
[154071.0]
[ 1.  4.  1.  1.  2.  2.]
033-th step: f(x) = -154071.000000, max_f(x) = -16953.000000 

844
Temp
[ 1.  4.  2.  1.  4.  2.]
[16953.0]
[ 1.  4.  2.  1.  4.  2.]
034-th step: f(x) = -16953.000000, max_f(x) = -16953.000000 

524
Temp
[ 1.  3.  1.  1.  4.  2.]
[37330.0]
[ 1.  3.  1.  1.  4.  2.]
035-th step: f(x) = -37330.000000, max_f(x) = -16953.000000 

267
Temp
[ 1.  2.  1.  1.  4.  1.]
[2087172.0]
[ 1.  2.  1.  1.  4.  1.]
036-th step: f(x) = -2087172.000000, max_f(x) = -16953.000000 

587
Temp
[ 1.  3.  2.  1.  4.  1.]
[2087172.0]
[ 1.  3.  2.  1.  4.  1.]
037-th step: f(x) = -2087172.000000, max_f(x) = -16953.000000 

515
Temp
[ 1.  3.  1.  1.  2.  1.]
[2087172.0]
[ 1.  3.  1.  1.  2.  1.]
038-th step: f(x) = -2087172.000000, max_f(x) = -16953.000000 

907
Temp
[ 1.  4.  3.  1.  4.  1.]
[2087172.0]
[ 1.  4.  3.  1.  4.  1.]
039-th step: f(x) = -2087172.000000, max_f(x) = -16953.000000 

835
Temp
[ 1.  4.  2.  1.  2.  1.]
[17520202.0]
[ 1.  4.  2.  1.  2.  1.]
040-th step: f(x) = -17520202.000000, max_f(x) = -16953.000000 

777
Temp
[ 1.  4.  1.  1.  3.  3.]
[11618724.0]
[ 1.  4.  1.  1.  3.  3.]
041-th step: f(x) = -11618724.000000, max_f(x) = -16953.000000 

Start the initial hyper parameter searching ...
Done

Start the hyper parameter learning ...
Done

782
Temp
[ 1.  4.  1.  1.  4.  4.]
[29789.0]
[ 1.  4.  1.  1.  4.  4.]
042-th step: f(x) = -29789.000000, max_f(x) = -16953.000000 

795
Temp
[ 1.  4.  1.  2.  4.  1.]
[2087172.0]
[ 1.  4.  1.  2.  4.  1.]
043-th step: f(x) = -2087172.000000, max_f(x) = -16953.000000 

525
Temp
[ 1.  3.  1.  1.  4.  3.]
[9993140.0]
[ 1.  3.  1.  1.  4.  3.]
044-th step: f(x) = -9993140.000000, max_f(x) = -16953.000000 

1799
Temp
[ 2.  4.  1.  1.  3.  1.]
[2087172.0]
[ 2.  4.  1.  1.  3.  1.]
045-th step: f(x) = -2087172.000000, max_f(x) = -16953.000000 

1804
Temp
[ 2.  4.  1.  1.  4.  2.]
[39897192.0]
[ 2.  4.  1.  1.  4.  2.]
046-th step: f(x) = -39897192.000000, max_f(x) = -16953.000000 

520
Temp
[ 1.  3.  1.  1.  3.  2.]
[49014.0]
[ 1.  3.  1.  1.  3.  2.]
047-th step: f(x) = -49014.000000, max_f(x) = -16953.000000 

768
Temp
[ 1.  4.  1.  1.  1.  2.]
[32257.0]
[ 1.  4.  1.  1.  1.  2.]
048-th step: f(x) = -32257.000000, max_f(x) = -16953.000000 

840
Temp
[ 1.  4.  2.  1.  3.  2.]
[50856.0]
[ 1.  4.  2.  1.  3.  2.]
049-th step: f(x) = -50856.000000, max_f(x) = -16953.000000 

511
Temp
[ 1.  3.  1.  1.  1.  1.]
[2087172.0]
[ 1.  3.  1.  1.  1.  1.]
050-th step: f(x) = -2087172.000000, max_f(x) = -16953.000000 

263
Temp
[ 1.  2.  1.  1.  3.  1.]
[2087172.0]
[ 1.  2.  1.  1.  3.  1.]
051-th step: f(x) = -2087172.000000, max_f(x) = -16953.000000 

791
Temp
[ 1.  4.  1.  2.  3.  1.]
[2087172.0]
[ 1.  4.  1.  2.  3.  1.]
052-th step: f(x) = -2087172.000000, max_f(x) = -16953.000000 

583
Temp
[ 1.  3.  2.  1.  3.  1.]
[2087172.0]
[ 1.  3.  2.  1.  3.  1.]
053-th step: f(x) = -2087172.000000, max_f(x) = -16953.000000 

831
Temp
[ 1.  4.  2.  1.  1.  1.]
[2087172.0]
[ 1.  4.  2.  1.  1.  1.]
054-th step: f(x) = -2087172.000000, max_f(x) = -16953.000000 

1547
Temp
[ 2.  3.  1.  1.  4.  1.]
[2087172.0]
[ 2.  3.  1.  1.  4.  1.]
055-th step: f(x) = -2087172.000000, max_f(x) = -16953.000000 

903
Temp
[ 1.  4.  3.  1.  3.  1.]
[2087172.0]
[ 1.  4.  3.  1.  3.  1.]
056-th step: f(x) = -2087172.000000, max_f(x) = -16953.000000 

773
Temp
[ 1.  4.  1.  1.  2.  3.]
[6004984.0]
[ 1.  4.  1.  1.  2.  3.]
057-th step: f(x) = -6004984.000000, max_f(x) = -16953.000000 

1795
Temp
[ 2.  4.  1.  1.  2.  1.]
[10824644.0]
[ 2.  4.  1.  1.  2.  1.]
058-th step: f(x) = -10824644.000000, max_f(x) = -16953.000000 

1867
Temp
[ 2.  4.  2.  1.  4.  1.]
[10979890.0]
[ 2.  4.  2.  1.  4.  1.]
059-th step: f(x) = -10979890.000000, max_f(x) = -16953.000000 

845
Temp
[ 1.  4.  2.  1.  4.  3.]
[149980701.0]
[ 1.  4.  2.  1.  4.  3.]
060-th step: f(x) = -149980701.000000, max_f(x) = -16953.000000 

259
Temp
[ 1.  2.  1.  1.  2.  1.]
[2087172.0]
[ 1.  2.  1.  1.  2.  1.]
061-th step: f(x) = -2087172.000000, max_f(x) = -16953.000000 

Start the initial hyper parameter searching ...
Done

Start the hyper parameter learning ...
Done

255
Temp
[ 1.  2.  1.  1.  1.  1.]
[2087172.0]
[ 1.  2.  1.  1.  1.  1.]
062-th step: f(x) = -2087172.000000, max_f(x) = -16953.000000 

1791
Temp
[ 2.  4.  1.  1.  1.  1.]
[61136.0]
[ 2.  4.  1.  1.  1.  1.]
063-th step: f(x) = -61136.000000, max_f(x) = -16953.000000 

787
Temp
[ 1.  4.  1.  2.  2.  1.]
[2087172.0]
[ 1.  4.  1.  2.  2.  1.]
064-th step: f(x) = -2087172.000000, max_f(x) = -16953.000000 

783
Temp
[ 1.  4.  1.  2.  1.  1.]
[2087172.0]
[ 1.  4.  1.  2.  1.  1.]
065-th step: f(x) = -2087172.000000, max_f(x) = -16953.000000 

575
Temp
[ 1.  3.  2.  1.  1.  1.]
[2087172.0]
[ 1.  3.  2.  1.  1.  1.]
066-th step: f(x) = -2087172.000000, max_f(x) = -16953.000000 

579
Temp
[ 1.  3.  2.  1.  2.  1.]
[2087172.0]
[ 1.  3.  2.  1.  2.  1.]
067-th step: f(x) = -2087172.000000, max_f(x) = -16953.000000 

512
Temp
[ 1.  3.  1.  1.  1.  2.]
[284102.0]
[ 1.  3.  1.  1.  1.  2.]
068-th step: f(x) = -284102.000000, max_f(x) = -16953.000000 

516
Temp
[ 1.  3.  1.  1.  2.  2.]
[30745.0]
[ 1.  3.  1.  1.  2.  2.]
069-th step: f(x) = -30745.000000, max_f(x) = -16953.000000 

895
Temp
[ 1.  4.  3.  1.  1.  1.]
[2087172.0]
[ 1.  4.  3.  1.  1.  1.]
070-th step: f(x) = -2087172.000000, max_f(x) = -16953.000000 

3
Temp
[ 1.  1.  1.  1.  2.  1.]
[2087172.0]
[ 1.  1.  1.  1.  2.  1.]
071-th step: f(x) = -2087172.000000, max_f(x) = -16953.000000 

1535
Temp
[ 2.  3.  1.  1.  1.  1.]
[2087172.0]
[ 2.  3.  1.  1.  1.  1.]
072-th step: f(x) = -2087172.000000, max_f(x) = -16953.000000 

832
Temp
[ 1.  4.  2.  1.  1.  2.]
[118748.0]
[ 1.  4.  2.  1.  1.  2.]
073-th step: f(x) = -118748.000000, max_f(x) = -16953.000000 

899
Temp
[ 1.  4.  3.  1.  2.  1.]
[2087172.0]
[ 1.  4.  3.  1.  2.  1.]
074-th step: f(x) = -2087172.000000, max_f(x) = -16953.000000 

769
Temp
[ 1.  4.  1.  1.  1.  3.]
[553680.0]
[ 1.  4.  1.  1.  1.  3.]
075-th step: f(x) = -553680.000000, max_f(x) = -16953.000000 

1539
Temp
[ 2.  3.  1.  1.  2.  1.]
[8949350.0]
[ 2.  3.  1.  1.  2.  1.]
076-th step: f(x) = -8949350.000000, max_f(x) = -16953.000000 

7
Temp
[ 1.  1.  1.  1.  3.  1.]
[2087172.0]
[ 1.  1.  1.  1.  3.  1.]
077-th step: f(x) = -2087172.000000, max_f(x) = -16953.000000 

319
Temp
[ 1.  2.  2.  1.  1.  1.]
[2087172.0]
[ 1.  2.  2.  1.  1.  1.]
078-th step: f(x) = -2087172.000000, max_f(x) = -16953.000000 

527
Temp
[ 1.  3.  1.  2.  1.  1.]
[2087172.0]
[ 1.  3.  1.  2.  1.  1.]
079-th step: f(x) = -2087172.000000, max_f(x) = -16953.000000 

836
Temp
[ 1.  4.  2.  1.  2.  2.]
[14285.0]
[ 1.  4.  2.  1.  2.  2.]
080-th step: f(x) = -14285.000000, max_f(x) = -14285.000000 

256
Temp
[ 1.  2.  1.  1.  1.  2.]
[84827.0]
[ 1.  2.  1.  1.  1.  2.]
081-th step: f(x) = -84827.000000, max_f(x) = -14285.000000 

Start the initial hyper parameter searching ...
Done

Start the hyper parameter learning ...
Done

11
Temp
[ 1.  1.  1.  1.  4.  1.]
[2087172.0]
[ 1.  1.  1.  1.  4.  1.]
082-th step: f(x) = -2087172.000000, max_f(x) = -14285.000000 

323
Temp
[ 1.  2.  2.  1.  2.  1.]
[2087172.0]
[ 1.  2.  2.  1.  2.  1.]
083-th step: f(x) = -2087172.000000, max_f(x) = -14285.000000 

63
Temp
[ 1.  1.  2.  1.  1.  1.]
[2087172.0]
[ 1.  1.  2.  1.  1.  1.]
084-th step: f(x) = -2087172.000000, max_f(x) = -14285.000000 

260
Temp
[ 1.  2.  1.  1.  2.  2.]
[66789.0]
[ 1.  2.  1.  1.  2.  2.]
085-th step: f(x) = -66789.000000, max_f(x) = -14285.000000 

1279
Temp
[ 2.  2.  1.  1.  1.  1.]
[2087172.0]
[ 2.  2.  1.  1.  1.  1.]
086-th step: f(x) = -2087172.000000, max_f(x) = -14285.000000 

0
Temp
[ 1.  1.  1.  1.  1.  2.]
[24850.0]
[ 1.  1.  1.  1.  1.  2.]
087-th step: f(x) = -24850.000000, max_f(x) = -14285.000000 

639
Temp
[ 1.  3.  3.  1.  1.  1.]
[2087172.0]
[ 1.  3.  3.  1.  1.  1.]
088-th step: f(x) = -2087172.000000, max_f(x) = -14285.000000 

67
Temp
[ 1.  1.  2.  1.  2.  1.]
[2087172.0]
[ 1.  1.  2.  1.  2.  1.]
089-th step: f(x) = -2087172.000000, max_f(x) = -14285.000000 

327
Temp
[ 1.  2.  2.  1.  3.  1.]
[11087241.0]
[ 1.  2.  2.  1.  3.  1.]
090-th step: f(x) = -11087241.000000, max_f(x) = -14285.000000 

576
Temp
[ 1.  3.  2.  1.  1.  2.]
[15781.0]
[ 1.  3.  2.  1.  1.  2.]
091-th step: f(x) = -15781.000000, max_f(x) = -14285.000000 

1855
Temp
[ 2.  4.  2.  1.  1.  1.]
[9982686.0]
[ 2.  4.  2.  1.  1.  1.]
092-th step: f(x) = -9982686.000000, max_f(x) = -14285.000000 

264
Temp
[ 1.  2.  1.  1.  3.  2.]
[101853.0]
[ 1.  2.  1.  1.  3.  2.]
093-th step: f(x) = -101853.000000, max_f(x) = -14285.000000 

4
Temp
[ 1.  1.  1.  1.  2.  2.]
[31300.0]
[ 1.  1.  1.  1.  2.  2.]
094-th step: f(x) = -31300.000000, max_f(x) = -14285.000000 

1023
Temp
[ 2.  1.  1.  1.  1.  1.]
[2087172.0]
[ 2.  1.  1.  1.  1.  1.]
095-th step: f(x) = -2087172.000000, max_f(x) = -14285.000000 

1283
Temp
[ 2.  2.  1.  1.  2.  1.]
[10838278.0]
[ 2.  2.  1.  1.  2.  1.]
096-th step: f(x) = -10838278.000000, max_f(x) = -14285.000000 

513
Temp
[ 1.  3.  1.  1.  1.  3.]
[1028088.0]
[ 1.  3.  1.  1.  1.  3.]
097-th step: f(x) = -1028088.000000, max_f(x) = -14285.000000 

71
Temp
[ 1.  1.  2.  1.  3.  1.]
[2087172.0]
[ 1.  1.  2.  1.  3.  1.]
098-th step: f(x) = -2087172.000000, max_f(x) = -14285.000000 

1543
Temp
[ 2.  3.  1.  1.  3.  1.]
[8981430.0]
[ 2.  3.  1.  1.  3.  1.]
099-th step: f(x) = -8981430.000000, max_f(x) = -14285.000000 

383
Temp
[ 1.  2.  3.  1.  1.  1.]
[2087172.0]
[ 1.  2.  3.  1.  1.  1.]
100-th step: f(x) = -2087172.000000, max_f(x) = -14285.000000 

Done.
 
Save...
Done. 
 
