+------------------------------------------------------------------------------+
|                                                                              |
| Atomistix ToolKit 2017.0 [Build 15d690eb18]                                  |
|                                                                              |
+------------------------------------------------------------------------------+
+----------------------------------------------------------+
| Bulk Bravais lattice                                     |
+----------------------------------------------------------+
Type:
UnitCell

Lattice constants:

Primitive vectors:
u_1 =     20.223183      0.000000      0.000000 Ang
u_2 =      0.000000     -2.889026      0.000000 Ang
u_3 =      0.000000      0.000000      7.063736 Ang

+----------------------------------------------------------+
| Bulk: Cartesian (Angstrom) / fractional                  |
+----------------------------------------------------------+
24
Bulk
Au    3.371304e+00  0.000000e+00  1.177289e+00    0.16670  0.00000  0.16667
Au    8.427099e+00  0.000000e+00  1.177289e+00    0.41670  0.00000  0.16667
Au    1.348290e+01  0.000000e+00  1.177289e+00    0.66670  0.00000  0.16667
Au    1.853869e+01  0.000000e+00  1.177289e+00    0.91670  0.00000  0.16667
Au    8.434056e-01 -1.444513e+00  1.177289e+00    0.04170  0.50000  0.16667
Au    5.899201e+00 -1.444513e+00  1.177289e+00    0.29170  0.50000  0.16667
Au    1.095500e+01 -1.444513e+00  1.177289e+00    0.54170  0.50000  0.16667
Au    1.601079e+01 -1.444513e+00  1.177289e+00    0.79170  0.50000  0.16667
Au    1.686038e+00  0.000000e+00  3.531868e+00    0.08337  0.00000  0.50000
Au    6.741834e+00  0.000000e+00  3.531868e+00    0.33337  0.00000  0.50000
Au    1.179763e+01  0.000000e+00  3.531868e+00    0.58337  0.00000  0.50000
Au    1.685343e+01  0.000000e+00  3.531868e+00    0.83337  0.00000  0.50000
Au    4.213936e+00 -1.444513e+00  3.531868e+00    0.20837  0.50000  0.50000
Au    9.269732e+00 -1.444513e+00  3.531868e+00    0.45837  0.50000  0.50000
Au    1.432553e+01 -1.444513e+00  3.531868e+00    0.70837  0.50000  0.50000
Au    1.938132e+01 -1.444513e+00  3.531868e+00    0.95837  0.50000  0.50000
Au    7.730000e-04  0.000000e+00  5.886447e+00    0.00004  0.00000  0.83333
Au    5.056569e+00  0.000000e+00  5.886447e+00    0.25004  0.00000  0.83333
Au    1.011236e+01  0.000000e+00  5.886447e+00    0.50004  0.00000  0.83333
Au    1.516816e+01  0.000000e+00  5.886447e+00    0.75004  0.00000  0.83333
Au    2.528671e+00 -1.444513e+00  5.886447e+00    0.12504  0.50000  0.83333
Au    7.584467e+00 -1.444513e+00  5.886447e+00    0.37504  0.50000  0.83333
Au    1.264026e+01 -1.444513e+00  5.886447e+00    0.62504  0.50000  0.83333
Au    1.769606e+01 -1.444513e+00  5.886447e+00    0.87504  0.50000  0.83333
+------------------------------------------------------------------------------+
| Geometry optimization using the LBFGS optimizer                              |
| Bravais Lattice: Unit Cell                                                   |
| External pressure: 0.000 GPa                                                 |
+------------------------------------------------------------------------------+
|   Step  Step Length      Volume   Max. Force  Stress Error        Enthalpy   |
|               (Ang)    (Ang**3)     (eV/Ang)         (GPa)            (eV)   |
+------------------------------------------------------------------------------+
|      0     0.000000     412.701      0.00000       1.67621      -94.279666   |
|      1     0.099745     409.445      0.00000       0.07875      -94.296178   |
|      2     0.004476     409.592      0.00000       0.00364      -94.296212   |
|      3     0.000198     409.585      0.00000       0.00001      -94.296212   |
+------------------------------------------------------------------------------+
| Geometry optimization converged in 3 steps.                                  |
+------------------------------------------------------------------------------+
+----------------------------------------------------------+
| Bulk Bravais lattice                                     |
+----------------------------------------------------------+
Type:
UnitCell

Lattice constants:

Primitive vectors:
u_1 =     20.223183      0.000000      0.000000 Ang
u_2 =      0.000000     -2.889026      0.000000 Ang
u_3 =      0.000000      0.000000      7.010406 Ang

+----------------------------------------------------------+
| Bulk: Cartesian (Angstrom) / fractional                  |
+----------------------------------------------------------+
24
Bulk
Au    3.371304e+00  4.548606e-18  1.168401e+00    0.16670 -0.00000  0.16667
Au    8.427099e+00  1.930630e-18  1.168401e+00    0.41670 -0.00000  0.16667
Au    1.348290e+01  8.124003e-18  1.168401e+00    0.66670 -0.00000  0.16667
Au    1.853869e+01  1.681210e-17  1.168401e+00    0.91670 -0.00000  0.16667
Au    8.434056e-01 -1.444513e+00  1.168401e+00    0.04170  0.50000  0.16667
Au    5.899201e+00 -1.444513e+00  1.168401e+00    0.29170  0.50000  0.16667
Au    1.095500e+01 -1.444513e+00  1.168401e+00    0.54170  0.50000  0.16667
Au    1.601079e+01 -1.444513e+00  1.168401e+00    0.79170  0.50000  0.16667
Au    1.686038e+00  1.458028e-17  3.505203e+00    0.08337 -0.00000  0.50000
Au    6.741834e+00  1.942844e-17  3.505203e+00    0.33337 -0.00000  0.50000
Au    1.179763e+01  9.958846e-18  3.505203e+00    0.58337 -0.00000  0.50000
Au    1.685343e+01  4.868703e-18  3.505203e+00    0.83337 -0.00000  0.50000
Au    4.213936e+00 -1.444513e+00  3.505203e+00    0.20837  0.50000  0.50000
Au    9.269732e+00 -1.444513e+00  3.505203e+00    0.45837  0.50000  0.50000
Au    1.432553e+01 -1.444513e+00  3.505203e+00    0.70837  0.50000  0.50000
Au    1.938132e+01 -1.444513e+00  3.505203e+00    0.95837  0.50000  0.50000
Au    7.730000e-04  8.844097e-18  5.842005e+00    0.00004 -0.00000  0.83333
Au    5.056569e+00  3.217011e-18  5.842005e+00    0.25004 -0.00000  0.83333
Au    1.011236e+01  1.869854e-18  5.842005e+00    0.50004 -0.00000  0.83333
Au    1.516816e+01  2.828895e-17  5.842005e+00    0.75004 -0.00000  0.83333
Au    2.528671e+00 -1.444513e+00  5.842005e+00    0.12504  0.50000  0.83333
Au    7.584467e+00 -1.444513e+00  5.842005e+00    0.37504  0.50000  0.83333
Au    1.264026e+01 -1.444513e+00  5.842005e+00    0.62504  0.50000  0.83333
Au    1.769606e+01 -1.444513e+00  5.842005e+00    0.87504  0.50000  0.83333

Timing:                          Total     Per Step        %

--------------------------------------------------------------------------------

Loading Modules + MPI   :       2.31 s       2.31 s      73.72% |=============|
File IO, nlsave         :       0.01 s       0.00 s       0.26% |
--------------------------------------------------------------------------------
Total                   :       3.13 s
