+------------------------------------------------------------------------------+
|                                                                              |
| Atomistix ToolKit 2017.0 [Build 15d690eb18]                                  |
|                                                                              |
+------------------------------------------------------------------------------+
+----------------------------------------------------------+
| Bulk Bravais lattice                                     |
+----------------------------------------------------------+
Type:
UnitCell

Lattice constants:

Primitive vectors:
u_1 =     20.223183      0.000000      0.000000 Ang
u_2 =      0.000000     -2.889026      0.000000 Ang
u_3 =      0.000000      0.000000     37.067789 Ang

+----------------------------------------------------------+
| Bulk: Cartesian (Angstrom) / fractional                  |
+----------------------------------------------------------+
97
Bulk
Ag    0.000000e+00  0.000000e+00  5.371995e+00    0.00000  0.00000  0.14492
Ag    2.889026e+00  0.000000e+00  5.371995e+00    0.14286  0.00000  0.14492
Ag    5.778052e+00  0.000000e+00  5.371995e+00    0.28571  0.00000  0.14492
Ag    8.667079e+00  0.000000e+00  5.371995e+00    0.42857  0.00000  0.14492
Ag    1.155610e+01  0.000000e+00  5.371995e+00    0.57143  0.00000  0.14492
Ag    1.444513e+01  0.000000e+00  5.371995e+00    0.71429  0.00000  0.14492
Ag    1.733416e+01  0.000000e+00  5.371995e+00    0.85714  0.00000  0.14492
Ag    1.444513e+00 -1.444513e+00  7.414845e+00    0.07143  0.50000  0.20003
Ag    4.333539e+00 -1.444513e+00  7.414845e+00    0.21429  0.50000  0.20003
Ag    7.222565e+00 -1.444513e+00  7.414845e+00    0.35714  0.50000  0.20003
Ag    1.011159e+01 -1.444513e+00  7.414845e+00    0.50000  0.50000  0.20003
Ag    1.300062e+01 -1.444513e+00  7.414845e+00    0.64286  0.50000  0.20003
Ag    1.588964e+01 -1.444513e+00  7.414845e+00    0.78571  0.50000  0.20003
Ag    1.877867e+01 -1.444513e+00  7.414845e+00    0.92857  0.50000  0.20003
Ag    0.000000e+00  0.000000e+00  9.457695e+00    0.00000  0.00000  0.25515
Ag    2.889026e+00  0.000000e+00  9.457695e+00    0.14286  0.00000  0.25515
Ag    5.778052e+00  0.000000e+00  9.457695e+00    0.28571  0.00000  0.25515
Ag    8.667079e+00  0.000000e+00  9.457695e+00    0.42857  0.00000  0.25515
Ag    1.155610e+01  0.000000e+00  9.457695e+00    0.57143  0.00000  0.25515
Ag    1.444513e+01  0.000000e+00  9.457695e+00    0.71429  0.00000  0.25515
Ag    1.733416e+01  0.000000e+00  9.457695e+00    0.85714  0.00000  0.25515
Ag    1.444513e+00 -1.444513e+00  1.150054e+01    0.07143  0.50000  0.31026
Ag    4.333539e+00 -1.444513e+00  1.150054e+01    0.21429  0.50000  0.31026
Ag    7.222565e+00 -1.444513e+00  1.150054e+01    0.35714  0.50000  0.31026
Ag    1.011159e+01 -1.444513e+00  1.150054e+01    0.50000  0.50000  0.31026
Ag    1.300062e+01 -1.444513e+00  1.150054e+01    0.64286  0.50000  0.31026
Ag    1.588964e+01 -1.444513e+00  1.150054e+01    0.78571  0.50000  0.31026
Ag    1.877867e+01 -1.444513e+00  1.150054e+01    0.92857  0.50000  0.31026
Ag    0.000000e+00  0.000000e+00  1.354339e+01    0.00000  0.00000  0.36537
Ag    2.889026e+00  0.000000e+00  1.354339e+01    0.14286  0.00000  0.36537
Ag    5.778052e+00  0.000000e+00  1.354339e+01    0.28571  0.00000  0.36537
Ag    8.667079e+00  0.000000e+00  1.354339e+01    0.42857  0.00000  0.36537
Ag    1.155610e+01  0.000000e+00  1.354339e+01    0.57143  0.00000  0.36537
Ag    1.444513e+01  0.000000e+00  1.354339e+01    0.71429  0.00000  0.36537
Ag    1.733416e+01  0.000000e+00  1.354339e+01    0.85714  0.00000  0.36537
Ag    1.444513e+00 -1.444513e+00  1.558624e+01    0.07143  0.50000  0.42048
Ag    4.333539e+00 -1.444513e+00  1.558624e+01    0.21429  0.50000  0.42048
Ag    7.222565e+00 -1.444513e+00  1.558624e+01    0.35714  0.50000  0.42048
Ag    1.011159e+01 -1.444513e+00  1.558624e+01    0.50000  0.50000  0.42048
Ag    1.300062e+01 -1.444513e+00  1.558624e+01    0.64286  0.50000  0.42048
Ag    1.588964e+01 -1.444513e+00  1.558624e+01    0.78571  0.50000  0.42048
Ag    1.877867e+01 -1.444513e+00  1.558624e+01    0.92857  0.50000  0.42048
Ag    0.000000e+00  0.000000e+00  1.762909e+01    0.00000  0.00000  0.47559
Ag    2.889026e+00  0.000000e+00  1.762909e+01    0.14286  0.00000  0.47559
Ag    5.778052e+00  0.000000e+00  1.762909e+01    0.28571  0.00000  0.47559
Ag    8.667079e+00  0.000000e+00  1.762909e+01    0.42857  0.00000  0.47559
Ag    1.155610e+01  0.000000e+00  1.762909e+01    0.57143  0.00000  0.47559
Ag    1.444513e+01  0.000000e+00  1.762909e+01    0.71429  0.00000  0.47559
Ag    1.733416e+01  0.000000e+00  1.762909e+01    0.85714  0.00000  0.47559
Au    3.371304e+00  0.000000e+00  2.001120e+01    0.16670  0.00000  0.53985
Au    8.427099e+00  0.000000e+00  2.001120e+01    0.41670  0.00000  0.53985
Au    1.348290e+01  0.000000e+00  2.001120e+01    0.66670  0.00000  0.53985
Au    1.853869e+01  0.000000e+00  2.001120e+01    0.91670  0.00000  0.53985
Au    8.434056e-01 -1.444513e+00  2.001120e+01    0.04170  0.50000  0.53985
Au    5.899201e+00 -1.444513e+00  2.001120e+01    0.29170  0.50000  0.53985
Au    1.095500e+01 -1.444513e+00  2.001120e+01    0.54170  0.50000  0.53985
Au    1.601079e+01 -1.444513e+00  2.001120e+01    0.79170  0.50000  0.53985
Au    1.686038e+00  0.000000e+00  2.234812e+01    0.08337  0.00000  0.60290
Au    6.741834e+00  0.000000e+00  2.234812e+01    0.33337  0.00000  0.60290
Au    1.179763e+01  0.000000e+00  2.234812e+01    0.58337  0.00000  0.60290
Au    1.685343e+01  0.000000e+00  2.234812e+01    0.83337  0.00000  0.60290
Au    4.213936e+00 -1.444513e+00  2.234812e+01    0.20837  0.50000  0.60290
Au    9.269732e+00 -1.444513e+00  2.234812e+01    0.45837  0.50000  0.60290
Au    1.432553e+01 -1.444513e+00  2.234812e+01    0.70837  0.50000  0.60290
Au    1.938132e+01 -1.444513e+00  2.234812e+01    0.95837  0.50000  0.60290
Au    7.730000e-04  0.000000e+00  2.468504e+01    0.00004  0.00000  0.66594
Au    5.056569e+00  0.000000e+00  2.468504e+01    0.25004  0.00000  0.66594
Au    1.011236e+01  0.000000e+00  2.468504e+01    0.50004  0.00000  0.66594
Au    1.516816e+01  0.000000e+00  2.468504e+01    0.75004  0.00000  0.66594
Au    2.528671e+00 -1.444513e+00  2.468504e+01    0.12504  0.50000  0.66594
Au    7.584467e+00 -1.444513e+00  2.468504e+01    0.37504  0.50000  0.66594
Au    1.264026e+01 -1.444513e+00  2.468504e+01    0.62504  0.50000  0.66594
Au    1.769606e+01 -1.444513e+00  2.468504e+01    0.87504  0.50000  0.66594
Au    3.371304e+00  0.000000e+00  2.702196e+01    0.16670  0.00000  0.72899
Au    8.427099e+00  0.000000e+00  2.702196e+01    0.41670  0.00000  0.72899
Au    1.348290e+01  0.000000e+00  2.702196e+01    0.66670  0.00000  0.72899
Au    1.853869e+01  0.000000e+00  2.702196e+01    0.91670  0.00000  0.72899
Au    8.434056e-01 -1.444513e+00  2.702196e+01    0.04170  0.50000  0.72899
Au    5.899201e+00 -1.444513e+00  2.702196e+01    0.29170  0.50000  0.72899
Au    1.095500e+01 -1.444513e+00  2.702196e+01    0.54170  0.50000  0.72899
Au    1.601079e+01 -1.444513e+00  2.702196e+01    0.79170  0.50000  0.72899
Au    1.686038e+00  0.000000e+00  2.935888e+01    0.08337  0.00000  0.79203
Au    6.741834e+00  0.000000e+00  2.935888e+01    0.33337  0.00000  0.79203
Au    1.179763e+01  0.000000e+00  2.935888e+01    0.58337  0.00000  0.79203
Au    1.685343e+01  0.000000e+00  2.935888e+01    0.83337  0.00000  0.79203
Au    4.213936e+00 -1.444513e+00  2.935888e+01    0.20837  0.50000  0.79203
Au    9.269732e+00 -1.444513e+00  2.935888e+01    0.45837  0.50000  0.79203
Au    1.432553e+01 -1.444513e+00  2.935888e+01    0.70837  0.50000  0.79203
Au    1.938132e+01 -1.444513e+00  2.935888e+01    0.95837  0.50000  0.79203
Au    7.730000e-04  0.000000e+00  3.169579e+01    0.00004  0.00000  0.85508
Au    5.056569e+00  0.000000e+00  3.169579e+01    0.25004  0.00000  0.85508
Au    1.011236e+01  0.000000e+00  3.169579e+01    0.50004  0.00000  0.85508
Au    1.516816e+01  0.000000e+00  3.169579e+01    0.75004  0.00000  0.85508
Au    2.528671e+00 -1.444513e+00  3.169579e+01    0.12504  0.50000  0.85508
Au    7.584467e+00 -1.444513e+00  3.169579e+01    0.37504  0.50000  0.85508
Au    1.264026e+01 -1.444513e+00  3.169579e+01    0.62504  0.50000  0.85508
Au    1.769606e+01 -1.444513e+00  3.169579e+01    0.87504  0.50000  0.85508
+------------------------------------------------------------------------------+
| Geometry optimization using the LBFGS optimizer                              |
+------------------------------------------------------------------------------+
|      Step     Step Length      Max. Force             Energy                 |
|                     (Ang)        (eV/Ang)               (eV)                 |
+------------------------------------------------------------------------------+
|         0      0.0000e+00      2.2036e+00        -319.473185                 |
|         1      1.0087e-01      4.3020e-01        -319.903909                 |
|         2      3.0118e-02      2.4206e-01        -319.975752                 |
|         3      4.7979e-02      5.5012e-01        -320.038643                 |
|         4      5.1661e-02      1.0034e+00        -320.043282                 |
|         5      2.8251e-02      1.7874e-01        -320.070358                 |
|         6      8.3509e-03      1.0494e-01        -320.078616                 |
|         7      1.9393e-02      2.1119e-01        -320.087816                 |
|         8      2.5590e-02      1.6364e-01        -320.097647                 |
|         9      3.5947e-02      3.9236e-01        -320.102290                 |
|        10      2.2845e-02      1.1819e-01        -320.107101                 |
|        11      8.1457e-03      3.2144e-02        -320.108468                 |
|        12      5.3012e-03      2.6138e-02        -320.109538                 |
|        13      1.0663e-02      3.9295e-02        -320.110840                 |
|        14      9.4700e-03      2.1997e-02        -320.111448                 |
|        15      6.4264e-03      2.9759e-02        -320.111595                 |
|        16      2.6116e-03      6.5377e-03        -320.111763                 |
+------------------------------------------------------------------------------+
| Geometry optimization converged in 16 steps.                                 |
+------------------------------------------------------------------------------+
+----------------------------------------------------------+
| Bulk Bravais lattice                                     |
+----------------------------------------------------------+
Type:
UnitCell

Lattice constants:

Primitive vectors:
u_1 =     20.223183      0.000000      0.000000 Ang
u_2 =      0.000000     -2.889026      0.000000 Ang
u_3 =      0.000000      0.000000     37.067789 Ang

+----------------------------------------------------------+
| Bulk: Cartesian (Angstrom) / fractional                  |
+----------------------------------------------------------+
97
Bulk
Ag   -8.464863e-03  4.953869e-17  5.327884e+00   -0.00042 -0.00000  0.14373
Ag    2.880561e+00  4.953869e-17  5.327884e+00    0.14244 -0.00000  0.14373
Ag    5.769587e+00  4.953869e-17  5.327884e+00    0.28530 -0.00000  0.14373
Ag    8.658614e+00  4.953869e-17  5.327884e+00    0.42815 -0.00000  0.14373
Ag    1.154764e+01  4.953869e-17  5.327884e+00    0.57101 -0.00000  0.14373
Ag    1.443667e+01  4.953869e-17  5.327884e+00    0.71387 -0.00000  0.14373
Ag    1.732569e+01  4.953869e-17  5.327884e+00    0.85672 -0.00000  0.14373
Ag    1.436048e+00 -1.444513e+00  7.370734e+00    0.07101  0.50000  0.19884
Ag    4.325074e+00 -1.444513e+00  7.370734e+00    0.21387  0.50000  0.19884
Ag    7.214101e+00 -1.444513e+00  7.370734e+00    0.35672  0.50000  0.19884
Ag    1.010313e+01 -1.444513e+00  7.370734e+00    0.49958  0.50000  0.19884
Ag    1.299215e+01 -1.444513e+00  7.370734e+00    0.64244  0.50000  0.19884
Ag    1.588118e+01 -1.444513e+00  7.370734e+00    0.78530  0.50000  0.19884
Ag    1.877021e+01 -1.444513e+00  7.370734e+00    0.92815  0.50000  0.19884
Ag   -8.464863e-03  4.953869e-17  9.413584e+00   -0.00042 -0.00000  0.25396
Ag    2.880561e+00  4.953869e-17  9.413584e+00    0.14244 -0.00000  0.25396
Ag    5.769587e+00  4.953869e-17  9.413584e+00    0.28530 -0.00000  0.25396
Ag    8.658614e+00  4.953869e-17  9.413584e+00    0.42815 -0.00000  0.25396
Ag    1.154764e+01  4.953869e-17  9.413584e+00    0.57101 -0.00000  0.25396
Ag    1.443667e+01  4.953869e-17  9.413584e+00    0.71387 -0.00000  0.25396
Ag    1.732569e+01  4.953869e-17  9.413584e+00    0.85672 -0.00000  0.25396
Ag    1.436048e+00 -1.444513e+00  1.145643e+01    0.07101  0.50000  0.30907
Ag    4.325074e+00 -1.444513e+00  1.145643e+01    0.21387  0.50000  0.30907
Ag    7.214101e+00 -1.444513e+00  1.145643e+01    0.35672  0.50000  0.30907
Ag    1.010313e+01 -1.444513e+00  1.145643e+01    0.49958  0.50000  0.30907
Ag    1.299215e+01 -1.444513e+00  1.145643e+01    0.64244  0.50000  0.30907
Ag    1.588118e+01 -1.444513e+00  1.145643e+01    0.78530  0.50000  0.30907
Ag    1.877021e+01 -1.444513e+00  1.145643e+01    0.92815  0.50000  0.30907
Ag   -8.464863e-03  4.953869e-17  1.349928e+01   -0.00042 -0.00000  0.36418
Ag    2.880561e+00  4.953869e-17  1.349928e+01    0.14244 -0.00000  0.36418
Ag    5.769587e+00  4.953869e-17  1.349928e+01    0.28530 -0.00000  0.36418
Ag    8.658614e+00  4.953869e-17  1.349928e+01    0.42815 -0.00000  0.36418
Ag    1.154764e+01  4.953869e-17  1.349928e+01    0.57101 -0.00000  0.36418
Ag    1.443667e+01  4.953869e-17  1.349928e+01    0.71387 -0.00000  0.36418
Ag    1.732569e+01  4.953869e-17  1.349928e+01    0.85672 -0.00000  0.36418
Ag    1.407706e+00 -1.444513e+00  1.552757e+01    0.06961  0.50000  0.41890
Ag    4.322205e+00 -1.444513e+00  1.556783e+01    0.21373  0.50000  0.41998
Ag    7.198369e+00 -1.444513e+00  1.556122e+01    0.35595  0.50000  0.41980
Ag    1.013426e+01 -1.444513e+00  1.553731e+01    0.50112  0.50000  0.41916
Ag    1.300421e+01 -1.444513e+00  1.555904e+01    0.64303  0.50000  0.41975
Ag    1.588930e+01 -1.444513e+00  1.552543e+01    0.78570  0.50000  0.41884
Ag    1.876283e+01 -1.444513e+00  1.554953e+01    0.92779  0.50000  0.41949
Ag   -5.641729e-02 -2.167732e-17  1.764726e+01   -0.00279  0.00000  0.47608
Ag    2.785888e+00  6.960777e-17  1.758154e+01    0.13776 -0.00000  0.47431
Ag    5.738074e+00  2.782321e-17  1.769028e+01    0.28374 -0.00000  0.47724
Ag    8.704045e+00 -4.958668e-17  1.755781e+01    0.43040  0.00000  0.47367
Ag    1.160386e+01  1.599753e-17  1.766911e+01    0.57379 -0.00000  0.47667
Ag    1.450084e+01 -2.325836e-17  1.761230e+01    0.71704  0.00000  0.47514
Ag    1.730536e+01  3.060343e-17  1.762397e+01    0.85572 -0.00000  0.47545
Au    3.517168e+00 -9.613747e-17  2.015437e+01    0.17392  0.00000  0.54372
Au    8.369516e+00  4.079502e-17  2.020683e+01    0.41386 -0.00000  0.54513
Au    1.333751e+01 -1.800653e-17  2.006157e+01    0.65952  0.00000  0.54121
Au    1.863157e+01 -4.088014e-17  2.003809e+01    0.92130  0.00000  0.54058
Au    1.005550e+00 -1.444513e+00  1.991013e+01    0.04972  0.50000  0.53713
Au    5.946219e+00 -1.444513e+00  2.012685e+01    0.29403  0.50000  0.54297
Au    1.081323e+01 -1.444513e+00  2.001563e+01    0.53469  0.50000  0.53997
Au    1.595708e+01 -1.444513e+00  1.984528e+01    0.78905  0.50000  0.53538
Au    1.668139e+00 -4.499040e-17  2.230120e+01    0.08249  0.00000  0.60163
Au    6.716980e+00  1.979078e-17  2.246303e+01    0.33214 -0.00000  0.60600
Au    1.177325e+01 -8.655440e-17  2.234414e+01    0.58217  0.00000  0.60279
Au    1.684112e+01  9.908320e-17  2.220378e+01    0.83276 -0.00000  0.59900
Au    4.208444e+00 -1.444513e+00  2.245217e+01    0.20810  0.50000  0.60571
Au    9.273691e+00 -1.444513e+00  2.244509e+01    0.45857  0.50000  0.60551
Au    1.434609e+01 -1.444513e+00  2.227296e+01    0.70939  0.50000  0.60087
Au    1.940836e+01 -1.444513e+00  2.230029e+01    0.95971  0.50000  0.60161
Au   -2.567176e-02  1.811902e-17  2.466444e+01   -0.00127 -0.00000  0.66539
Au    5.037509e+00 -1.126536e-17  2.476865e+01    0.24910  0.00000  0.66820
Au    1.015459e+01 -1.053091e-16  2.473826e+01    0.50213  0.00000  0.66738
Au    1.519334e+01  9.695545e-17  2.462423e+01    0.75128 -0.00000  0.66430
Au    2.479952e+00 -1.444513e+00  2.469227e+01    0.12263  0.50000  0.66614
Au    7.596687e+00 -1.444513e+00  2.476023e+01    0.37564  0.50000  0.66797
Au    1.268308e+01 -1.444513e+00  2.465835e+01    0.62716  0.50000  0.66522
Au    1.768343e+01 -1.444513e+00  2.460025e+01    0.87441  0.50000  0.66366
Au    3.348611e+00  3.932291e-17  2.703960e+01    0.16558 -0.00000  0.72946
Au    8.464033e+00  1.481168e-16  2.705666e+01    0.41853 -0.00000  0.72992
Au    1.352500e+01  1.439016e-17  2.700704e+01    0.66879 -0.00000  0.72859
Au    1.852530e+01 -4.626205e-16  2.699466e+01    0.91604  0.00000  0.72825
Au    8.198799e-01 -1.444513e+00  2.702409e+01    0.04054  0.50000  0.72904
Au    5.908839e+00 -1.444513e+00  2.706466e+01    0.29218  0.50000  0.73014
Au    1.100977e+01 -1.444513e+00  2.704088e+01    0.54441  0.50000  0.72950
Au    1.602849e+01 -1.444513e+00  2.699555e+01    0.79258  0.50000  0.72828
Au    1.711436e+00  1.555168e-16  2.935940e+01    0.08463 -0.00000  0.79205
Au    6.767231e+00  1.555168e-16  2.935940e+01    0.33463 -0.00000  0.79205
Au    1.182303e+01  1.555168e-16  2.935940e+01    0.58463 -0.00000  0.79205
Au    1.687882e+01  1.555168e-16  2.935940e+01    0.83463 -0.00000  0.79205
Au    4.239334e+00 -1.444513e+00  2.935940e+01    0.20963  0.50000  0.79205
Au    9.295129e+00 -1.444513e+00  2.935940e+01    0.45963  0.50000  0.79205
Au    1.435093e+01 -1.444513e+00  2.935940e+01    0.70963  0.50000  0.79205
Au    1.940672e+01 -1.444513e+00  2.935940e+01    0.95963  0.50000  0.79205
Au    2.617034e-02  1.555168e-16  3.169632e+01    0.00129 -0.00000  0.85509
Au    5.081966e+00  1.555168e-16  3.169632e+01    0.25129 -0.00000  0.85509
Au    1.013776e+01  1.555168e-16  3.169632e+01    0.50129 -0.00000  0.85509
Au    1.519356e+01  1.555168e-16  3.169632e+01    0.75129 -0.00000  0.85509
Au    2.554068e+00 -1.444513e+00  3.169632e+01    0.12629  0.50000  0.85509
Au    7.609864e+00 -1.444513e+00  3.169632e+01    0.37629  0.50000  0.85509
Au    1.266566e+01 -1.444513e+00  3.169632e+01    0.62629  0.50000  0.85509
Au    1.772146e+01 -1.444513e+00  3.169632e+01    0.87629  0.50000  0.85509

Timing:                          Total     Per Step        %

--------------------------------------------------------------------------------

Loading Modules + MPI   :       2.50 s       2.50 s      70.06% |=============|
File IO, nlsave         :       0.02 s       0.01 s       0.67% |
--------------------------------------------------------------------------------
Total                   :       3.57 s
