+------------------------------------------------------------------------------+
|                                                                              |
| Atomistix ToolKit 2017.0 [Build 15d690eb18]                                  |
|                                                                              |
+------------------------------------------------------------------------------+
+----------------------------------------------------------+
| Bulk Bravais lattice                                     |
+----------------------------------------------------------+
Type:
FaceCenteredCubic

Lattice constants:
a =     5.430600 Ang
b =     5.430600 Ang
c =     5.430600 Ang

Lattice angles:
alpha =    90.000000 deg
beta  =    90.000000 deg
gamma =    90.000000 deg

Primitive vectors:
u_1 =      0.000000      2.715300      2.715300 Ang
u_2 =      2.715300      0.000000      2.715300 Ang
u_3 =      2.715300      2.715300      0.000000 Ang

+----------------------------------------------------------+
| Bulk: Cartesian (Angstrom) / fractional                  |
+----------------------------------------------------------+
2
Bulk
Si    0.000000e+00  0.000000e+00  0.000000e+00    0.00000  0.00000  0.00000
Si    1.357650e+00  1.357650e+00  1.357650e+00    0.25000  0.25000  0.25000
+------------------------------------------------------------------------------+
|                                                                              |
| DFT Calculation  [Started Thu Jul 13 17:07:09 2017]                          |
|                                                                              |
+------------------------------------------------------------------------------+
+------------------------------------------------------------------------------+
|                                                                              |
| CPU Information                                                              |
|                                                                              |
+------------------------------------------------------------------------------+
|  Process ID 0 at DESKTOP-1B1GURO                                             |
+------------------------------------------------------------------------------+

                            |--------------------------------------------------|
Calculating Kinetic Matrix : ==================================================

                            |--------------------------------------------------|
Calculating Nonlocal Part  : ==================================================
+------------------------------------------------------------------------------+
|                                                                              |
| SCF Loop Information                                                         |
|                                                                              |
+------------------------------------------------------------------------------+
+------------------------------------------------------------------------------+
| K-point grid: 13 x 13 x 13                                                   |
| Number of irreducible k-points: 1099                                         |
+------------------------------------------------------------------------------+
+------------------------------------------------------------------------------+
| Real space grid sampling is (22, 22, 22) in a, b, and c directions.          |
+------------------------------------------------------------------------------+
+------------------------------------------------------------------------------+
| Memory requirements for the calculation                                      |
+------------------------------------------------------------------------------+
| Dense matrices: <1 MB per matrix [Matrix dimensions 26 x 26]                 |
| Total memory required per k-point: <1 MB                                     |
|                                                                              |
| Storage of real-space orbitals: Enabled                                      |
| Storage requires 16 MB                                                       |
|                                                                              |
| Total memory required per real-space grid: <1 MB                             |
+------------------------------------------------------------------------------+
+------------------------------------------------------------------------------+
| SCF History                                                                  |
+------------------------------------------------------------------------------+
| Memory required to store SCF history: 6 MB                                   |
| Number of history steps: 20                                                  |
+------------------------------------------------------------------------------+
+------------------------------------------------------------------------------+
| Checkpoint Handler                                                           |
+------------------------------------------------------------------------------+
| Filename : c:\users\feiyux~1\appdata\local\temp\checkpoint65653693.hdf5      |
| Interval : 0.5 h                                                             |
+------------------------------------------------------------------------------+
+------------------------------------------------------------------------------+
| Diagonalization solver parallelization report                                |
+------------------------------------------------------------------------------+
| Total number of processes: 1                                                 |
| Total number of k-points: 1099                                               |
| Processes per k-point: 1                                                     |
+------------------------------------------------------------------------------+
| Process occupation                                                           |
+------------------------------------------------------------------------------+
| Process 0: |===============================================================| |
+------------------------------------------------------------------------------+

                            |--------------------------------------------------|
Calculating Eigenvalues    : ==================================================
Calculating Density Matrix : ==================================================

+------------------------------------------------------------------------------+
| Density Matrix Report                       DM        DD                     |
+------------------------------------------------------------------------------+
|   0  Si   [  0.000 ,  0.000 ,  0.000 ]    3.99941  -0.00059                  |
|   1  Si   [  1.358 ,  1.358 ,  1.358 ]    4.00059   0.00059                  |
+------------------------------------------------------------------------------+
|   0 E = -2.85541 dE =  1.819504e-02 dH =  1.317498e-02                       |
+------------------------------------------------------------------------------+

                            |--------------------------------------------------|
Calculating Eigenvalues    : ==================================================
Calculating Density Matrix : ==================================================

+------------------------------------------------------------------------------+
| Density Matrix Report                       DM        DD                     |
+------------------------------------------------------------------------------+
|   0  Si   [  0.000 ,  0.000 ,  0.000 ]    3.99929  -0.00071                  |
|   1  Si   [  1.358 ,  1.358 ,  1.358 ]    4.00071   0.00071                  |
+------------------------------------------------------------------------------+
|   1 E = -2.80166 dE =  5.375025e-02 dH =  1.154875e-02                       |
+------------------------------------------------------------------------------+

                            |--------------------------------------------------|
Calculating Eigenvalues    : ==================================================
Calculating Density Matrix : ==================================================

+------------------------------------------------------------------------------+
| Density Matrix Report                       DM        DD                     |
+------------------------------------------------------------------------------+
|   0  Si   [  0.000 ,  0.000 ,  0.000 ]    3.99854  -0.00146                  |
|   1  Si   [  1.358 ,  1.358 ,  1.358 ]    4.00146   0.00146                  |
+------------------------------------------------------------------------------+
|   2 E = -2.80189 dE =  2.299549e-04 dH =  1.740265e-04                       |
+------------------------------------------------------------------------------+

                            |--------------------------------------------------|
Calculating Eigenvalues    : ==================================================
Calculating Density Matrix : ==================================================

+------------------------------------------------------------------------------+
| Density Matrix Report                       DM        DD                     |
+------------------------------------------------------------------------------+
|   0  Si   [  0.000 ,  0.000 ,  0.000 ]    3.99878  -0.00122                  |
|   1  Si   [  1.358 ,  1.358 ,  1.358 ]    4.00122   0.00122                  |
+------------------------------------------------------------------------------+
|   3 E = -2.80161 dE =  2.834397e-04 dH =  1.170663e-04                       |
+------------------------------------------------------------------------------+

                            |--------------------------------------------------|
Calculating Eigenvalues    : ==================================================
Calculating Density Matrix : ==================================================

+------------------------------------------------------------------------------+
| Density Matrix Report                       DM        DD                     |
+------------------------------------------------------------------------------+
|   0  Si   [  0.000 ,  0.000 ,  0.000 ]    3.99900  -0.00100                  |
|   1  Si   [  1.358 ,  1.358 ,  1.358 ]    4.00100   0.00100                  |
+------------------------------------------------------------------------------+
|   4 E =  -2.8016 dE =  7.028411e-06 dH =  3.312886e-05                       |
+------------------------------------------------------------------------------+
| Calculation Converged in 5 steps                                             |
|                                                                              |
| Fermi Level  = -4.214806 eV                                                  |
+------------------------------------------------------------------------------+
+------------------------------------------------------------------------------+
|                                                                              |
| DFT Calculation  [Finished Thu Jul 13 17:07:18 2017]                         |
|                                                                              |
+------------------------------------------------------------------------------+
+------------------------------------------------------------------------------+
| Diagonalization solver parallelization report                                |
+------------------------------------------------------------------------------+
| Total number of processes: 1                                                 |
| Total number of k-points: 1099                                               |
| Processes per k-point: 1                                                     |
+------------------------------------------------------------------------------+
| Process occupation                                                           |
+------------------------------------------------------------------------------+
| Process 0: |===============================================================| |
+------------------------------------------------------------------------------+
+------------------------------------------------------------------------------+
|                                                                              |
| DFT Calculation  [Started Thu Jul 13 17:07:19 2017]                          |
|                                                                              |
+------------------------------------------------------------------------------+
+------------------------------------------------------------------------------+
|                                                                              |
| CPU Information                                                              |
|                                                                              |
+------------------------------------------------------------------------------+
|  Process ID 0 at DESKTOP-1B1GURO                                             |
+------------------------------------------------------------------------------+

                            |--------------------------------------------------|
Calculating Kinetic Matrix : ==================================================

                            |--------------------------------------------------|
Calculating Nonlocal Part  : ==================================================
+------------------------------------------------------------------------------+
|                                                                              |
| SCF Loop Information                                                         |
|                                                                              |
+------------------------------------------------------------------------------+
+------------------------------------------------------------------------------+
| K-point grid: 13 x 13 x 13                                                   |
| Number of irreducible k-points: 1099                                         |
+------------------------------------------------------------------------------+
+------------------------------------------------------------------------------+
| Real space grid sampling is (22, 22, 22) in a, b, and c directions.          |
+------------------------------------------------------------------------------+
+------------------------------------------------------------------------------+
| Memory requirements for the calculation                                      |
+------------------------------------------------------------------------------+
| Dense matrices: <1 MB per matrix [Matrix dimensions 26 x 26]                 |
| Total memory required per k-point: <1 MB                                     |
|                                                                              |
| Storage of real-space orbitals: Enabled                                      |
| Storage requires 16 MB                                                       |
|                                                                              |
| Total memory required per real-space grid: <1 MB                             |
+------------------------------------------------------------------------------+
+------------------------------------------------------------------------------+
| SCF History                                                                  |
+------------------------------------------------------------------------------+
| Memory required to store SCF history: 6 MB                                   |
| Number of history steps: 20                                                  |
+------------------------------------------------------------------------------+
+------------------------------------------------------------------------------+
| Checkpoint Handler                                                           |
+------------------------------------------------------------------------------+
| Filename : c:\users\feiyux~1\appdata\local\temp\checkpoint65653693.hdf5      |
| Interval : 0.5 h                                                             |
+------------------------------------------------------------------------------+
+------------------------------------------------------------------------------+
| Diagonalization solver parallelization report                                |
+------------------------------------------------------------------------------+
| Total number of processes: 1                                                 |
| Total number of k-points: 1099                                               |
| Processes per k-point: 1                                                     |
+------------------------------------------------------------------------------+
| Process occupation                                                           |
+------------------------------------------------------------------------------+
| Process 0: |===============================================================| |
+------------------------------------------------------------------------------+

                            |--------------------------------------------------|
Calculating Eigenvalues    : ==================================================
Calculating Density Matrix : ==================================================

+------------------------------------------------------------------------------+
| Density Matrix Report                       DM        DD                     |
+------------------------------------------------------------------------------+
|   0  Si   [  0.000 ,  0.000 ,  0.000 ]    3.99860  -0.00140                  |
|   1  Si   [  1.358 ,  1.358 ,  1.358 ]    4.00140   0.00140                  |
+------------------------------------------------------------------------------+
|   0 E = -2.80161 dE =  4.281051e-07 dH =  2.809364e-05                       |
+------------------------------------------------------------------------------+
| Calculation Converged in 1 steps                                             |
|                                                                              |
| Fermi Level  = -4.214782 eV                                                  |
+------------------------------------------------------------------------------+
+------------------------------------------------------------------------------+
|                                                                              |
| DFT Calculation  [Finished Thu Jul 13 17:07:22 2017]                         |
|                                                                              |
+------------------------------------------------------------------------------+
+------------------------------------------------------------------------------+
| Diagonalization solver parallelization report                                |
+------------------------------------------------------------------------------+
| Total number of processes: 1                                                 |
| Total number of k-points: 1099                                               |
| Processes per k-point: 1                                                     |
+------------------------------------------------------------------------------+
| Process occupation                                                           |
+------------------------------------------------------------------------------+
| Process 0: |===============================================================| |
+------------------------------------------------------------------------------+

                            |--------------------------------------------------|
Calculating Density Matrix : ==================================================


                            |--------------------------------------------------|
Calculating Kinetic Matrix : ==================================================

                            |--------------------------------------------------|
Calculating Kinetic Matrix : ==================================================

                            |--------------------------------------------------|
Calculating Kinetic Matrix : ==================================================

                            |--------------------------------------------------|
Calculating Kinetic Matrix : ==================================================

                            |--------------------------------------------------|
Calculating Nonlocal Part  : ==================================================

                            |--------------------------------------------------|
Calculating Nonlocal Part  : ==================================================

                            |--------------------------------------------------|
Calculating Nonlocal Part  : ==================================================

                            |--------------------------------------------------|
Calculating Nonlocal Part  : ==================================================
+------------------------------------------------------------------------------+
| Optimization Forces Report                                                   |
+------------------------------------------------------------------------------+
| Element  Index            x            y            z    magnitude           |
|                    (eV/Ang)     (eV/Ang)     (eV/Ang)     (eV/Ang)           |
+------------------------------------------------------------------------------+
|      Si      0    -0.000095    -0.000095    -0.000095     0.000165           |
|      Si      1     0.000049     0.000049     0.000049     0.000084           |
+------------------------------------------------------------------------------+
+------------------------------------------------------------------------------+
| Geometry optimization using the LBFGS optimizer                              |
+------------------------------------------------------------------------------+
|      Step     Step Length      Max. Force             Energy                 |
|                     (Ang)        (eV/Ang)               (eV)                 |
+------------------------------------------------------------------------------+
|         0      0.0000e+00      1.6531e-04        -240.733593                 |
+------------------------------------------------------------------------------+
| Geometry optimization converged in 0 steps.                                  |
+------------------------------------------------------------------------------+

Timing:                          Total     Per Step        %

--------------------------------------------------------------------------------

Diagonalization         :       8.72 s       1.45 s      39.67% |=============|
Loading Modules + MPI   :       5.14 s       5.14 s      23.38% |=======|
Energy, Forces & Stress :       2.93 s       2.93 s      13.35% |====|
Constant Terms          :       1.35 s       0.68 s       6.16% |=|
Valence Density         :       0.37 s       0.05 s       1.67% ||
Real Space Integral     :       0.26 s       0.03 s       1.21% |
Basis Set Generation    :       0.23 s       0.11 s       1.05% |
Real Space Basis        :       0.13 s       0.06 s       0.59% |
Exchange-Correlation    :       0.11 s       0.01 s       0.50% |
Difference Density      :       0.09 s       0.01 s       0.42% |
Neutral Atom Potential  :       0.04 s       0.02 s       0.17% |
File IO, nlsave         :       0.02 s       0.01 s       0.09% |
Mixing                  :       0.02 s       0.00 s       0.09% |
Hartree Potential       :       0.02 s       0.00 s       0.08% |
Core Density            :       0.01 s       0.01 s       0.06% |
Setting Density Matrix  :       0.00 s       0.00 s       0.01% |
Hubbard Term            :       0.00 s       0.00 s       0.00% |
Fixed Spins Term        :       0.00 s       0.00 s       0.00% |
--------------------------------------------------------------------------------
Total                   :      21.98 s
